#
# A fatal error has been detected by the Java Runtime Environment:
#
#  EXCEPTION_ACCESS_VIOLATION (0xc0000005) at pc=0x00007ffa19531a86, pid=18092, tid=1600
#
# JRE version: OpenJDK Runtime Environment (11.0.12+7) (build 11.0.12+7-b1504.28-7817840)
# Java VM: OpenJDK 64-Bit Server VM (11.0.12+7-b1504.28-7817840, mixed mode, tiered, compressed oops, g1 gc, windows-amd64)
# Problematic frame:
# V  [jvm.dll+0x191a86]
#
# No core dump will be written. Minidumps are not enabled by default on client versions of Windows
#
# If you would like to submit a bug report, please visit:
#   https://bugreport.java.com/bugreport/crash.jsp
#

---------------  S U M M A R Y ------------

Command Line: --add-opens=java.base/java.util=ALL-UNNAMED --add-opens=java.base/java.lang=ALL-UNNAMED --add-opens=java.base/java.lang.invoke=ALL-UNNAMED --add-opens=java.base/java.util=ALL-UNNAMED --add-opens=java.prefs/java.util.prefs=ALL-UNNAMED --add-opens=java.prefs/java.util.prefs=ALL-UNNAMED --add-opens=java.base/java.nio.charset=ALL-UNNAMED --add-opens=java.base/java.net=ALL-UNNAMED --add-opens=java.base/java.util.concurrent.atomic=ALL-UNNAMED -Xmx2048m -Dfile.encoding=UTF-8 -Duser.country=IN -Duser.language=en -Duser.variant org.gradle.launcher.daemon.bootstrap.GradleDaemon 7.3.3

Host: Intel(R) Core(TM) i3-5005U CPU @ 2.00GHz, 4 cores, 7G,  Windows 10 , 64 bit Build 19041 (10.0.19041.3636)
Time: Fri Mar 15 10:20:47 2024 India Standard Time elapsed time: 4761.071738 seconds (0d 1h 19m 21s)

---------------  T H R E A D  ---------------

Current thread (0x000002a75355e800):  ConcurrentGCThread "G1 Conc#0" [stack: 0x000000afdf800000,0x000000afdf900000] [id=1600]

Stack: [0x000000afdf800000,0x000000afdf900000],  sp=0x000000afdf8ff3b8,  free space=1020k
Native frames: (J=compiled Java code, j=interpreted, Vv=VM code, C=native code)
V  [jvm.dll+0x191a86]


siginfo: EXCEPTION_ACCESS_VIOLATION (0xc0000005), reading address 0x0000000000000070


Register to memory mapping:

RIP=0x00007ffa19531a86 jvm.dll
RAX=0x0000000000001001 is an unknown value
RBX=0x0000000084cc3670 is pointing into object: org.gradle.internal.snapshot.impl.CoercingStringValueSnapshot 
{0x0000000084cc3660} - klass: 'org/gradle/internal/snapshot/impl/CoercingStringValueSnapshot'
RCX=0x0000000084cc3670 is pointing into object: org.gradle.internal.snapshot.impl.CoercingStringValueSnapshot 
{0x0000000084cc3660} - klass: 'org/gradle/internal/snapshot/impl/CoercingStringValueSnapshot'
RDX=0x0000000084cc3670 is pointing into object: org.gradle.internal.snapshot.impl.CoercingStringValueSnapshot 
{0x0000000084cc3660} - klass: 'org/gradle/internal/snapshot/impl/CoercingStringValueSnapshot'
RSP=0x000000afdf8ff3b8 points into unknown readable memory: 0x00007ffa196822ea | ea 22 68 19 fa 7f 00 00
RBP=0x000002a753553910 points into unknown readable memory: 0x000002a75355c800 | 00 c8 55 53 a7 02 00 00
RSI=0x0000000000000001 is an unknown value
RDI=0x0 is NULL
R8 =0x0000000000001000 is an unknown value
R9 =0x0000000000000068 is an unknown value
R10=0x000002a753553910 points into unknown readable memory: 0x000002a75355c800 | 00 c8 55 53 a7 02 00 00
R11=0x346dc5d63886594b is an unknown value
R12=0x000000000000000c is an unknown value
R13=0xaaaaaaaaaaaaaaab is an unknown value
R14=0x0 is NULL
R15=0x0000000083feb130 is an oop: com.google.common.collect.ImmutableMapEntry 
{0x0000000083feb130} - klass: 'com/google/common/collect/ImmutableMapEntry'


Registers:
RAX=0x0000000000001001, RBX=0x0000000084cc3670, RCX=0x0000000084cc3670, RDX=0x0000000084cc3670
RSP=0x000000afdf8ff3b8, RBP=0x000002a753553910, RSI=0x0000000000000001, RDI=0x0000000000000000
R8 =0x0000000000001000, R9 =0x0000000000000068, R10=0x000002a753553910, R11=0x346dc5d63886594b
R12=0x000000000000000c, R13=0xaaaaaaaaaaaaaaab, R14=0x0000000000000000, R15=0x0000000083feb130
RIP=0x00007ffa19531a86, EFLAGS=0x0000000000010202

Top of Stack: (sp=0x000000afdf8ff3b8)
0x000000afdf8ff3b8:   00007ffa196822ea 0000000084cc3670
0x000000afdf8ff3c8:   0000000100200be8 000002a7514563d0
0x000000afdf8ff3d8:   0000000000000001 0000000100200bf0
0x000000afdf8ff3e8:   00007ffa19682196 0000000100200be8
0x000000afdf8ff3f8:   0000000084cc3670 000002a753560120
0x000000afdf8ff408:   000000afdf8ff5f8 0000000000000000
0x000000afdf8ff418:   000000afdf8ff5f8 0000000083feb144
0x000000afdf8ff428:   00007ffa19679fbd 0000000000000003
0x000000afdf8ff438:   0000000083feb140 0000000083fead10
0x000000afdf8ff448:   0000000083feb17c 000000afdf8ff5d0
0x000000afdf8ff458:   000002a75355f001 0000000100200978
0x000000afdf8ff468:   00007ffa19679871 0000000000000003
0x000000afdf8ff478:   000000afdf8ff5f8 0000000083feb130
0x000000afdf8ff488:   000002a75355f001 0000000083feb130
0x000000afdf8ff498:   00007ffa19687d4f 000002a753560120
0x000000afdf8ff4a8:   0000000000980000 0000000000000000 

Instructions: (pc=0x00007ffa19531a86)
0x00007ffa19531986:   48 89 5c 24 20 e8 f0 00 00 00 80 7f 30 00 48 63
0x00007ffa19531996:   c8 48 89 4c 24 28 0f 28 44 24 20 74 17 0f 11 86
0x00007ffa195319a6:   98 03 00 00 48 8b 5c 24 40 48 8b 74 24 48 48 83
0x00007ffa195319b6:   c4 30 5f c3 48 8b 07 48 8d 54 24 20 48 8b cf 66
0x00007ffa195319c6:   0f 7f 44 24 20 ff 50 38 48 8b 5c 24 40 48 8b 74
0x00007ffa195319d6:   24 48 48 83 c4 30 5f c3 cc cc 40 53 48 83 ec 30
0x00007ffa195319e6:   0f 10 82 98 03 00 00 48 8b da 0f 10 c8 66 0f 73
0x00007ffa195319f6:   d9 08 66 48 0f 7e c8 48 85 c0 74 28 48 8b 01 48
0x00007ffa19531a06:   8d 54 24 20 0f 29 44 24 20 ff 50 40 33 c0 48 89
0x00007ffa19531a16:   44 24 20 48 89 44 24 28 0f 10 44 24 20 0f 11 83
0x00007ffa19531a26:   98 03 00 00 48 83 c4 30 5b c3 48 8b 49 38 48 8b
0x00007ffa19531a36:   01 48 ff 60 28 cc cc cc cc cc 80 3d 91 a6 87 00
0x00007ffa19531a46:   00 48 8b c1 74 1b 8b 51 08 8b 0d 83 13 83 00 48
0x00007ffa19531a56:   d3 e2 48 8b c8 48 03 15 6e 13 83 00 e9 19 00 00
0x00007ffa19531a66:   00 48 8b 51 08 48 8b c8 e9 0d 00 00 00 cc cc cc
0x00007ffa19531a76:   cc cc cc cc cc cc cc cc cc cc 4c 8b ca 48 8b d1
0x00007ffa19531a86:   45 8b 41 08 45 85 c0 7e 0e 41 f6 c0 01 75 59 41
0x00007ffa19531a96:   c1 f8 03 41 8b c0 c3 79 4f 80 3d 32 a6 87 00 00
0x00007ffa19531aa6:   b8 0c 00 00 00 b9 10 00 00 00 0f 45 c8 8b 05 ab
0x00007ffa19531ab6:   5c 81 00 ff c8 4c 63 c8 48 63 c1 41 8b c8 83 e1
0x00007ffa19531ac6:   3f 48 63 14 10 41 8b c0 48 c1 f8 10 0f b6 c0 48
0x00007ffa19531ad6:   d3 e2 49 8d 0c 11 49 f7 d1 48 03 c1 49 c1 e9 03
0x00007ffa19531ae6:   48 c1 e8 03 41 23 c1 c3 49 8b 01 49 8b c9 48 ff
0x00007ffa19531af6:   a0 10 01 00 00 cc cc cc cc cc 48 83 ec 38 0f 10
0x00007ffa19531b06:   02 48 8b 49 38 48 8d 54 24 20 0f 29 44 24 20 e8
0x00007ffa19531b16:   66 f0 ff ff 48 83 c4 38 c3 cc 48 89 5c 24 08 55
0x00007ffa19531b26:   56 57 41 54 41 55 41 56 41 57 48 8d 6c 24 e0 48
0x00007ffa19531b36:   81 ec 20 01 00 00 48 8b 05 7d 99 84 00 48 33 c4
0x00007ffa19531b46:   48 89 45 10 48 8b 05 ff 0f 87 00 45 33 ed 4c 8b
0x00007ffa19531b56:   b5 80 00 00 00 4c 8b fa 48 8b bd 88 00 00 00 4d
0x00007ffa19531b66:   8b c6 49 8b d6 49 8b f1 48 8b 48 38 48 8b 59 48
0x00007ffa19531b76:   49 8b cf c7 45 c0 ff ff ff ff 44 89 6d d4 4c 89 


Stack slot to memory mapping:
stack at sp + 0 slots: 0x00007ffa196822ea jvm.dll
stack at sp + 1 slots: 0x0000000084cc3670 is pointing into object: org.gradle.internal.snapshot.impl.CoercingStringValueSnapshot 
{0x0000000084cc3660} - klass: 'org/gradle/internal/snapshot/impl/CoercingStringValueSnapshot'
stack at sp + 2 slots: 0x0000000100200be8 is pointing into metadata
stack at sp + 3 slots: 0x000002a7514563d0 points into unknown readable memory: 0x005c003f000001b4 | b4 01 00 00 3f 00 5c 00
stack at sp + 4 slots: 0x0000000000000001 is an unknown value
stack at sp + 5 slots: 0x0000000100200bf0 is a pointer to class: 
com.google.common.collect.ImmutableMapEntry$NonTerminalImmutableMapEntry {0x0000000100200bf8}
stack at sp + 6 slots: 0x00007ffa19682196 jvm.dll
stack at sp + 7 slots: 0x0000000100200be8 is pointing into metadata


---------------  P R O C E S S  ---------------

Threads class SMR info:
_java_thread_list=0x000002a774dfa3b0, length=97, elements={
0x000002a753511000, 0x000002a76d11b800, 0x000002a76d11d800, 0x000002a76d125000,
0x000002a76d127000, 0x000002a76d128800, 0x000002a76d129800, 0x000002a76d984000,
0x000002a76d98b000, 0x000002a76dae6000, 0x000002a7706df800, 0x000002a7706e0800,
0x000002a7706dd800, 0x000002a76e2f5800, 0x000002a76e2f7000, 0x000002a76e2f2000,
0x000002a76e2f3000, 0x000002a76e2f8800, 0x000002a76e2ff000, 0x000002a76e2fe800,
0x000002a76e2fc800, 0x000002a76e2fa800, 0x000002a76e2fc000, 0x000002a77101e000,
0x000002a77101f800, 0x000002a7717f9800, 0x000002a77067c800, 0x000002a7706de000,
0x000002a7706e1800, 0x000002a7706df000, 0x000002a7706e2000, 0x000002a7706e3000,
0x000002a7706e4000, 0x000002a770681800, 0x000002a770682000, 0x000002a77067f000,
0x000002a77067d800, 0x000002a77067e000, 0x000002a770685800, 0x000002a770684800,
0x000002a770680800, 0x000002a77067f800, 0x000002a770684000, 0x000002a770687000,
0x000002a770686000, 0x000002a770688000, 0x000002a770688800, 0x000002a770683000,
0x000002a770689800, 0x000002a77068a800, 0x000002a77068b000, 0x000002a7717ee800,
0x000002a7717f4000, 0x000002a7717f5000, 0x000002a7717ef000, 0x000002a7717f5800,
0x000002a7717f0000, 0x000002a7717f1800, 0x000002a7717f6800, 0x000002a7717f2800,
0x000002a7717f0800, 0x000002a7717f7800, 0x000002a7717f3000, 0x000002a7717f8000,
0x000002a7717fb800, 0x000002a7717fa800, 0x000002a7717fd000, 0x000002a7717fc000,
0x000002a7717f9000, 0x000002a771023000, 0x000002a77101d800, 0x000002a771024000,
0x000002a771020800, 0x000002a771024800, 0x000002a771021800, 0x000002a77101f000,
0x000002a771028000, 0x000002a77102a800, 0x000002a771027000, 0x000002a77102b000,
0x000002a771026800, 0x000002a771025800, 0x000002a771028800, 0x000002a771029800,
0x000002a77102c000, 0x000002a76e2f3800, 0x000002a76e2f8000, 0x000002a76e2f9800,
0x000002a76e2f4800, 0x000002a76e301000, 0x000002a76e2fd800, 0x000002a773b9b800,
0x000002a773b9d000, 0x000002a773b97000, 0x000002a773b9d800, 0x000002a773b98000,
0x000002a779567000
}

Java Threads: ( => current thread )
  0x000002a753511000 JavaThread "main" [_thread_blocked, id=17608, stack(0x000000afdf500000,0x000000afdf600000)]
  0x000002a76d11b800 JavaThread "Reference Handler" daemon [_thread_blocked, id=7136, stack(0x000000afdfc00000,0x000000afdfd00000)]
  0x000002a76d11d800 JavaThread "Finalizer" daemon [_thread_blocked, id=20968, stack(0x000000afdfd00000,0x000000afdfe00000)]
  0x000002a76d125000 JavaThread "Signal Dispatcher" daemon [_thread_blocked, id=18624, stack(0x000000afdfe00000,0x000000afdff00000)]
  0x000002a76d127000 JavaThread "Attach Listener" daemon [_thread_blocked, id=17872, stack(0x000000afdff00000,0x000000afe0000000)]
  0x000002a76d128800 JavaThread "Service Thread" daemon [_thread_blocked, id=16992, stack(0x000000afe0000000,0x000000afe0100000)]
  0x000002a76d129800 JavaThread "C2 CompilerThread0" daemon [_thread_in_native, id=4592, stack(0x000000afe0100000,0x000000afe0200000)]
  0x000002a76d984000 JavaThread "C1 CompilerThread0" daemon [_thread_blocked, id=2840, stack(0x000000afe0200000,0x000000afe0300000)]
  0x000002a76d98b000 JavaThread "Sweeper thread" daemon [_thread_blocked, id=22192, stack(0x000000afe0300000,0x000000afe0400000)]
  0x000002a76dae6000 JavaThread "Common-Cleaner" daemon [_thread_blocked, id=3904, stack(0x000000afe0400000,0x000000afe0500000)]
  0x000002a7706df800 JavaThread "Daemon health stats" [_thread_blocked, id=9064, stack(0x000000afe0900000,0x000000afe0a00000)]
  0x000002a7706e0800 JavaThread "Incoming local TCP Connector on port 54975" [_thread_in_native, id=16888, stack(0x000000afe0600000,0x000000afe0700000)]
  0x000002a7706dd800 JavaThread "Daemon periodic checks" [_thread_blocked, id=5164, stack(0x000000afe0a00000,0x000000afe0b00000)]
  0x000002a76e2f5800 JavaThread "Cache worker for journal cache (C:\Users\mrudu\.gradle\caches\journal-1)" [_thread_blocked, id=20960, stack(0x000000afe1400000,0x000000afe1500000)]
  0x000002a76e2f7000 JavaThread "File lock request listener" [_thread_in_native, id=17364, stack(0x000000afe1500000,0x000000afe1600000)]
  0x000002a76e2f2000 JavaThread "Cache worker for file hash cache (C:\Users\mrudu\.gradle\caches\7.3.3\fileHashes)" [_thread_blocked, id=10572, stack(0x000000afe1600000,0x000000afe1700000)]
  0x000002a76e2f3000 JavaThread "File watcher server" daemon [_thread_in_native, id=6952, stack(0x000000afe1800000,0x000000afe1900000)]
  0x000002a76e2f8800 JavaThread "File watcher consumer" daemon [_thread_blocked, id=18324, stack(0x000000afe1900000,0x000000afe1a00000)]
  0x000002a76e2ff000 JavaThread "Cache worker for execution history cache (C:\Users\mrudu\.gradle\caches\7.3.3\executionHistory)" [_thread_blocked, id=20768, stack(0x000000afe1d00000,0x000000afe1e00000)]
  0x000002a76e2fe800 JavaThread "jar transforms" [_thread_blocked, id=21784, stack(0x000000afe1e00000,0x000000afe1f00000)]
  0x000002a76e2fc800 JavaThread "Cache worker for file content cache (C:\Users\mrudu\.gradle\caches\7.3.3\fileContent)" [_thread_blocked, id=1176, stack(0x000000afe1f00000,0x000000afe2000000)]
  0x000002a76e2fa800 JavaThread "jar transforms Thread 2" [_thread_blocked, id=17532, stack(0x000000afe2000000,0x000000afe2100000)]
  0x000002a76e2fc000 JavaThread "jar transforms Thread 3" [_thread_blocked, id=16832, stack(0x000000afe1a00000,0x000000afe1b00000)]
  0x000002a77101e000 JavaThread "jar transforms Thread 4" [_thread_blocked, id=7596, stack(0x000000afe4c00000,0x000000afe4d00000)]
  0x000002a77101f800 JavaThread "Memory manager" [_thread_blocked, id=2852, stack(0x000000afe4d00000,0x000000afe4e00000)]
  0x000002a7717f9800 JavaThread "Cache worker for Java compile cache (C:\Users\mrudu\.gradle\caches\7.3.3\javaCompile)" [_thread_blocked, id=13396, stack(0x000000afe5100000,0x000000afe5200000)]
  0x000002a77067c800 JavaThread "ForkJoinPool.commonPool-worker-7" daemon [_thread_blocked, id=7452, stack(0x000000afe5c00000,0x000000afe5d00000)]
  0x000002a7706de000 JavaThread "Java2D Disposer" daemon [_thread_blocked, id=20284, stack(0x000000afe5800000,0x000000afe5900000)]
  0x000002a7706e1800 JavaThread "Daemon Thread 9" [_thread_blocked, id=20936, stack(0x000000afdf200000,0x000000afdf300000)]
  0x000002a7706df000 JavaThread "Handler for socket connection from /127.0.0.1:54975 to /127.0.0.1:55877" [_thread_in_native, id=2208, stack(0x000000afdf300000,0x000000afdf400000)]
  0x000002a7706e2000 JavaThread "Cancel handler" [_thread_blocked, id=2604, stack(0x000000afdf400000,0x000000afdf500000)]
  0x000002a7706e3000 JavaThread "Daemon worker Thread 9" [_thread_blocked, id=15036, stack(0x000000afe0b00000,0x000000afe0c00000)]
  0x000002a7706e4000 JavaThread "Asynchronous log dispatcher for DefaultDaemonConnection: socket connection from /127.0.0.1:54975 to /127.0.0.1:55877" [_thread_blocked, id=16240, stack(0x000000afe0c00000,0x000000afe0d00000)]
  0x000002a770681800 JavaThread "Stdin handler" [_thread_blocked, id=20252, stack(0x000000afe0d00000,0x000000afe0e00000)]
  0x000002a770682000 JavaThread "Daemon client event forwarder" [_thread_blocked, id=14804, stack(0x000000afe0e00000,0x000000afe0f00000)]
  0x000002a77067f000 JavaThread "Cache worker for file hash cache (E:\WORK\PROGRAM FILES\started projects\Outfit_Android\.gradle\7.3.3\fileHashes)" [_thread_blocked, id=17232, stack(0x000000afe0f00000,0x000000afe1000000)]
  0x000002a77067d800 JavaThread "Cache worker for checksums cache (E:\WORK\PROGRAM FILES\started projects\Outfit_Android\.gradle\7.3.3\checksums)" [_thread_blocked, id=6468, stack(0x000000afe1000000,0x000000afe1100000)]
  0x000002a77067e000 JavaThread "Cache worker for cache directory md-supplier (C:\Users\mrudu\.gradle\caches\7.3.3\md-supplier)" [_thread_blocked, id=18864, stack(0x000000afe1100000,0x000000afe1200000)]
  0x000002a770685800 JavaThread "Cache worker for cache directory md-rule (C:\Users\mrudu\.gradle\caches\7.3.3\md-rule)" [_thread_blocked, id=468, stack(0x000000afe1200000,0x000000afe1300000)]
  0x000002a770684800 JavaThread "Cache worker for dependencies-accessors (E:\WORK\PROGRAM FILES\started projects\Outfit_Android\.gradle\7.3.3\dependencies-accessors)" [_thread_blocked, id=10916, stack(0x000000afe1700000,0x000000afe1800000)]
  0x000002a770680800 JavaThread "Cache worker for Build Output Cleanup Cache (E:\WORK\PROGRAM FILES\started projects\Outfit_Android\.gradle\buildOutputCleanup)" [_thread_blocked, id=13788, stack(0x000000afe1b00000,0x000000afe1c00000)]
  0x000002a77067f800 JavaThread "Unconstrained build operations" [_thread_blocked, id=15420, stack(0x000000afe2100000,0x000000afe2200000)]
  0x000002a770684000 JavaThread "Unconstrained build operations Thread 2" [_thread_blocked, id=8984, stack(0x000000afe2200000,0x000000afe2300000)]
  0x000002a770687000 JavaThread "Unconstrained build operations Thread 3" [_thread_blocked, id=14916, stack(0x000000afe2300000,0x000000afe2400000)]
  0x000002a770686000 JavaThread "Unconstrained build operations Thread 4" [_thread_blocked, id=13468, stack(0x000000afe2400000,0x000000afe2500000)]
  0x000002a770688000 JavaThread "Unconstrained build operations Thread 5" [_thread_blocked, id=21336, stack(0x000000afe2500000,0x000000afe2600000)]
  0x000002a770688800 JavaThread "Unconstrained build operations Thread 6" [_thread_blocked, id=10072, stack(0x000000afe2600000,0x000000afe2700000)]
  0x000002a770683000 JavaThread "Unconstrained build operations Thread 7" [_thread_blocked, id=12432, stack(0x000000afe2700000,0x000000afe2800000)]
  0x000002a770689800 JavaThread "Unconstrained build operations Thread 8" [_thread_blocked, id=368, stack(0x000000afe2800000,0x000000afe2900000)]
  0x000002a77068a800 JavaThread "Unconstrained build operations Thread 9" [_thread_blocked, id=8832, stack(0x000000afe2900000,0x000000afe2a00000)]
  0x000002a77068b000 JavaThread "Unconstrained build operations Thread 10" [_thread_blocked, id=17940, stack(0x000000afe2a00000,0x000000afe2b00000)]
  0x000002a7717ee800 JavaThread "Unconstrained build operations Thread 11" [_thread_blocked, id=22084, stack(0x000000afe2b00000,0x000000afe2c00000)]
  0x000002a7717f4000 JavaThread "Unconstrained build operations Thread 12" [_thread_blocked, id=22012, stack(0x000000afe2c00000,0x000000afe2d00000)]
  0x000002a7717f5000 JavaThread "Unconstrained build operations Thread 13" [_thread_blocked, id=14716, stack(0x000000afe2d00000,0x000000afe2e00000)]
  0x000002a7717ef000 JavaThread "Unconstrained build operations Thread 14" [_thread_blocked, id=16052, stack(0x000000afe2e00000,0x000000afe2f00000)]
  0x000002a7717f5800 JavaThread "Unconstrained build operations Thread 15" [_thread_blocked, id=12172, stack(0x000000afe2f00000,0x000000afe3000000)]
  0x000002a7717f0000 JavaThread "Unconstrained build operations Thread 16" [_thread_blocked, id=15572, stack(0x000000afe3000000,0x000000afe3100000)]
  0x000002a7717f1800 JavaThread "Unconstrained build operations Thread 17" [_thread_blocked, id=11216, stack(0x000000afe3100000,0x000000afe3200000)]
  0x000002a7717f6800 JavaThread "Unconstrained build operations Thread 18" [_thread_blocked, id=21628, stack(0x000000afe3200000,0x000000afe3300000)]
  0x000002a7717f2800 JavaThread "Unconstrained build operations Thread 19" [_thread_blocked, id=7268, stack(0x000000afe3300000,0x000000afe3400000)]
  0x000002a7717f0800 JavaThread "Unconstrained build operations Thread 20" [_thread_blocked, id=8552, stack(0x000000afe3400000,0x000000afe3500000)]
  0x000002a7717f7800 JavaThread "Unconstrained build operations Thread 21" [_thread_blocked, id=20140, stack(0x000000afe3500000,0x000000afe3600000)]
  0x000002a7717f3000 JavaThread "Unconstrained build operations Thread 22" [_thread_blocked, id=14992, stack(0x000000afe3600000,0x000000afe3700000)]
  0x000002a7717f8000 JavaThread "Unconstrained build operations Thread 23" [_thread_blocked, id=1148, stack(0x000000afe3700000,0x000000afe3800000)]
  0x000002a7717fb800 JavaThread "Unconstrained build operations Thread 24" [_thread_blocked, id=11772, stack(0x000000afe3800000,0x000000afe3900000)]
  0x000002a7717fa800 JavaThread "Unconstrained build operations Thread 25" [_thread_blocked, id=13864, stack(0x000000afe3900000,0x000000afe3a00000)]
  0x000002a7717fd000 JavaThread "Unconstrained build operations Thread 26" [_thread_blocked, id=21084, stack(0x000000afe3a00000,0x000000afe3b00000)]
  0x000002a7717fc000 JavaThread "Unconstrained build operations Thread 27" [_thread_blocked, id=18404, stack(0x000000afe3b00000,0x000000afe3c00000)]
  0x000002a7717f9000 JavaThread "Unconstrained build operations Thread 28" [_thread_blocked, id=15568, stack(0x000000afe3c00000,0x000000afe3d00000)]
  0x000002a771023000 JavaThread "Unconstrained build operations Thread 29" [_thread_blocked, id=8504, stack(0x000000afe3d00000,0x000000afe3e00000)]
  0x000002a77101d800 JavaThread "Unconstrained build operations Thread 30" [_thread_blocked, id=10376, stack(0x000000afe3e00000,0x000000afe3f00000)]
  0x000002a771024000 JavaThread "Unconstrained build operations Thread 31" [_thread_blocked, id=20268, stack(0x000000afe3f00000,0x000000afe4000000)]
  0x000002a771020800 JavaThread "Unconstrained build operations Thread 32" [_thread_blocked, id=21152, stack(0x000000afe4000000,0x000000afe4100000)]
  0x000002a771024800 JavaThread "Unconstrained build operations Thread 33" [_thread_blocked, id=16448, stack(0x000000afe4100000,0x000000afe4200000)]
  0x000002a771021800 JavaThread "Unconstrained build operations Thread 34" [_thread_blocked, id=11848, stack(0x000000afe4200000,0x000000afe4300000)]
  0x000002a77101f000 JavaThread "Unconstrained build operations Thread 35" [_thread_blocked, id=17196, stack(0x000000afe4300000,0x000000afe4400000)]
  0x000002a771028000 JavaThread "Unconstrained build operations Thread 36" [_thread_blocked, id=6972, stack(0x000000afe4400000,0x000000afe4500000)]
  0x000002a77102a800 JavaThread "Unconstrained build operations Thread 37" [_thread_blocked, id=4404, stack(0x000000afe4500000,0x000000afe4600000)]
  0x000002a771027000 JavaThread "Unconstrained build operations Thread 38" [_thread_blocked, id=13224, stack(0x000000afe4600000,0x000000afe4700000)]
  0x000002a77102b000 JavaThread "Unconstrained build operations Thread 39" [_thread_blocked, id=18516, stack(0x000000afe4700000,0x000000afe4800000)]
  0x000002a771026800 JavaThread "Unconstrained build operations Thread 40" [_thread_blocked, id=11428, stack(0x000000afe4800000,0x000000afe4900000)]
  0x000002a771025800 JavaThread "build event listener" [_thread_blocked, id=18828, stack(0x000000afe4900000,0x000000afe4a00000)]
  0x000002a771028800 JavaThread "Execution worker for ':'" [_thread_blocked, id=20092, stack(0x000000afe4a00000,0x000000afe4b00000)]
  0x000002a771029800 JavaThread "Execution worker for ':' Thread 2" [_thread_blocked, id=9600, stack(0x000000afe4b00000,0x000000afe4c00000)]
  0x000002a77102c000 JavaThread "Cache worker for execution history cache (E:\WORK\PROGRAM FILES\started projects\Outfit_Android\.gradle\7.3.3\executionHistory)" [_thread_blocked, id=2904, stack(0x000000afe4e00000,0x000000afe4f00000)]
  0x000002a76e2f3800 JavaThread "Execution worker for ':' Thread 3" [_thread_blocked, id=7360, stack(0x000000afe4f00000,0x000000afe5000000)]
  0x000002a76e2f8000 JavaThread "WorkerExecutor Queue Thread 2" [_thread_blocked, id=17484, stack(0x000000afe5200000,0x000000afe5300000)]
  0x000002a76e2f9800 JavaThread "WorkerExecutor Queue Thread 3" [_thread_blocked, id=12168, stack(0x000000afe5300000,0x000000afe5400000)]
  0x000002a76e2f4800 JavaThread "WorkerExecutor Queue Thread 4" [_thread_blocked, id=19692, stack(0x000000afe5400000,0x000000afe5500000)]
  0x000002a76e301000 JavaThread "pool-28-thread-1" [_thread_blocked, id=13608, stack(0x000000afe5500000,0x000000afe5600000)]
  0x000002a76e2fd800 JavaThread "stderr" [_thread_in_native, id=3344, stack(0x000000afe5600000,0x000000afe5700000)]
  0x000002a773b9b800 JavaThread "stdout" [_thread_in_native, id=18560, stack(0x000000afe5700000,0x000000afe5800000)]
  0x000002a773b9d000 JavaThread "Build operations" [_thread_blocked, id=2944, stack(0x000000afe5000000,0x000000afe5100000)]
  0x000002a773b97000 JavaThread "Build operations Thread 2" [_thread_blocked, id=14480, stack(0x000000afe5900000,0x000000afe5a00000)]
  0x000002a773b9d800 JavaThread "Build operations Thread 3" [_thread_blocked, id=2768, stack(0x000000afe5a00000,0x000000afe5b00000)]
  0x000002a773b98000 JavaThread "Build operations Thread 4" [_thread_blocked, id=1244, stack(0x000000afe5b00000,0x000000afe5c00000)]
  0x000002a779567000 JavaThread "C2 CompilerThread1" daemon [_thread_in_native, id=15196, stack(0x000000afe1c00000,0x000000afe1d00000)]

Other Threads:
  0x000002a76d107000 VMThread "VM Thread" [stack: 0x000000afdfb00000,0x000000afdfc00000] [id=13016]
  0x000002a76daef000 WatcherThread [stack: 0x000000afe0500000,0x000000afe0600000] [id=19584]
  0x000002a75352c800 GCTaskThread "GC Thread#0" [stack: 0x000000afdf600000,0x000000afdf700000] [id=7084]
  0x000002a76e784800 GCTaskThread "GC Thread#1" [stack: 0x000000afe0700000,0x000000afe0800000] [id=5564]
  0x000002a76e47a000 GCTaskThread "GC Thread#2" [stack: 0x000000afe0800000,0x000000afe0900000] [id=16136]
  0x000002a7711ef000 GCTaskThread "GC Thread#3" [stack: 0x000000afe1300000,0x000000afe1400000] [id=20024]
  0x000002a75355c800 ConcurrentGCThread "G1 Main Marker" [stack: 0x000000afdf700000,0x000000afdf800000] [id=3224]
=>0x000002a75355e800 ConcurrentGCThread "G1 Conc#0" [stack: 0x000000afdf800000,0x000000afdf900000] [id=1600]
  0x000002a7535ce000 ConcurrentGCThread "G1 Refine#0" [stack: 0x000000afdf900000,0x000000afdfa00000] [id=19824]
  0x000002a76cf50800 ConcurrentGCThread "G1 Young RemSet Sampling" [stack: 0x000000afdfa00000,0x000000afdfb00000] [id=18892]

Threads with active compile tasks:
C2 CompilerThread14761223 24926   !   4       java.nio.file.Files::isDirectory (42 bytes)

VM state:not at safepoint (normal execution)

VM Mutex/Monitor currently owned by a thread:  ([mutex/lock_event])
[0x000002a75350da20] CompiledIC_lock - owner thread: 0x000002a771029800

Heap address: 0x0000000080000000, size: 2048 MB, Compressed Oops mode: 32-bit
Narrow klass base: 0x0000000000000000, Narrow klass shift: 3
Compressed class space size: 1073741824 Address: 0x0000000100000000

Heap:
 garbage-first heap   total 227328K, used 111247K [0x0000000080000000, 0x0000000100000000)
  region size 1024K, 11 young (11264K), 7 survivors (7168K)
 Metaspace       used 129685K, capacity 133349K, committed 133772K, reserved 1165312K
  class space    used 15956K, capacity 17319K, committed 17484K, reserved 1048576K
Heap Regions: E=young(eden), S=young(survivor), O=old, HS=humongous(starts), HC=humongous(continues), CS=collection set, F=free, A=archive, TAMS=top-at-mark-start (previous, next)
|   0|0x0000000080000000, 0x0000000080100000, 0x0000000080100000|100%| O|  |TAMS 0x0000000080100000, 0x0000000080100000| Untracked 
|   1|0x0000000080100000, 0x0000000080200000, 0x0000000080200000|100%| O|  |TAMS 0x0000000080200000, 0x0000000080200000| Untracked 
|   2|0x0000000080200000, 0x0000000080300000, 0x0000000080300000|100%| O|  |TAMS 0x0000000080300000, 0x0000000080300000| Untracked 
|   3|0x0000000080300000, 0x0000000080400000, 0x0000000080400000|100%|HS|  |TAMS 0x0000000080400000, 0x0000000080400000| Complete 
|   4|0x0000000080400000, 0x0000000080500000, 0x0000000080500000|100%|HC|  |TAMS 0x0000000080500000, 0x0000000080500000| Complete 
|   5|0x0000000080500000, 0x0000000080600000, 0x0000000080600000|100%|HC|  |TAMS 0x0000000080600000, 0x0000000080600000| Complete 
|   6|0x0000000080600000, 0x0000000080700000, 0x0000000080700000|100%| O|  |TAMS 0x0000000080700000, 0x0000000080700000| Untracked 
|   7|0x0000000080700000, 0x0000000080800000, 0x0000000080800000|100%| O|  |TAMS 0x0000000080800000, 0x0000000080800000| Untracked 
|   8|0x0000000080800000, 0x0000000080900000, 0x0000000080900000|100%| O|  |TAMS 0x0000000080900000, 0x0000000080900000| Untracked 
|   9|0x0000000080900000, 0x0000000080a00000, 0x0000000080a00000|100%| O|  |TAMS 0x0000000080a00000, 0x0000000080a00000| Untracked 
|  10|0x0000000080a00000, 0x0000000080b00000, 0x0000000080b00000|100%| O|  |TAMS 0x0000000080b00000, 0x0000000080b00000| Untracked 
|  11|0x0000000080b00000, 0x0000000080c00000, 0x0000000080c00000|100%| O|  |TAMS 0x0000000080c00000, 0x0000000080c00000| Untracked 
|  12|0x0000000080c00000, 0x0000000080d00000, 0x0000000080d00000|100%| O|  |TAMS 0x0000000080d00000, 0x0000000080d00000| Untracked 
|  13|0x0000000080d00000, 0x0000000080e00000, 0x0000000080e00000|100%| O|  |TAMS 0x0000000080e00000, 0x0000000080e00000| Untracked 
|  14|0x0000000080e00000, 0x0000000080f00000, 0x0000000080f00000|100%| O|  |TAMS 0x0000000080f00000, 0x0000000080f00000| Untracked 
|  15|0x0000000080f00000, 0x0000000081000000, 0x0000000081000000|100%| O|  |TAMS 0x0000000081000000, 0x0000000081000000| Untracked 
|  16|0x0000000081000000, 0x0000000081100000, 0x0000000081100000|100%| O|  |TAMS 0x0000000081100000, 0x0000000081100000| Untracked 
|  17|0x0000000081100000, 0x0000000081200000, 0x0000000081200000|100%|HS|  |TAMS 0x0000000081200000, 0x0000000081200000| Complete 
|  18|0x0000000081200000, 0x0000000081300000, 0x0000000081300000|100%| O|  |TAMS 0x0000000081300000, 0x0000000081300000| Untracked 
|  19|0x0000000081300000, 0x0000000081400000, 0x0000000081400000|100%| O|  |TAMS 0x0000000081400000, 0x0000000081400000| Untracked 
|  20|0x0000000081400000, 0x0000000081500000, 0x0000000081500000|100%| O|  |TAMS 0x0000000081500000, 0x0000000081500000| Untracked 
|  21|0x0000000081500000, 0x0000000081600000, 0x0000000081600000|100%| O|  |TAMS 0x0000000081600000, 0x0000000081600000| Untracked 
|  22|0x0000000081600000, 0x0000000081700000, 0x0000000081700000|100%| O|  |TAMS 0x0000000081700000, 0x0000000081700000| Untracked 
|  23|0x0000000081700000, 0x0000000081800000, 0x0000000081800000|100%| O|  |TAMS 0x0000000081800000, 0x0000000081800000| Untracked 
|  24|0x0000000081800000, 0x0000000081900000, 0x0000000081900000|100%| O|  |TAMS 0x0000000081900000, 0x0000000081900000| Untracked 
|  25|0x0000000081900000, 0x0000000081a00000, 0x0000000081a00000|100%| O|  |TAMS 0x0000000081a00000, 0x0000000081a00000| Untracked 
|  26|0x0000000081a00000, 0x0000000081b00000, 0x0000000081b00000|100%| O|  |TAMS 0x0000000081b00000, 0x0000000081b00000| Untracked 
|  27|0x0000000081b00000, 0x0000000081c00000, 0x0000000081c00000|100%|HS|  |TAMS 0x0000000081b00000, 0x0000000081c00000| Complete 
|  28|0x0000000081c00000, 0x0000000081d00000, 0x0000000081d00000|100%|HC|  |TAMS 0x0000000081c00000, 0x0000000081d00000| Complete 
|  29|0x0000000081d00000, 0x0000000081e00000, 0x0000000081e00000|100%|HS|  |TAMS 0x0000000081e00000, 0x0000000081e00000| Complete 
|  30|0x0000000081e00000, 0x0000000081f00000, 0x0000000081f00000|100%|HS|  |TAMS 0x0000000081f00000, 0x0000000081f00000| Complete 
|  31|0x0000000081f00000, 0x0000000082000000, 0x0000000082000000|100%|HC|  |TAMS 0x0000000082000000, 0x0000000082000000| Complete 
|  32|0x0000000082000000, 0x0000000082100000, 0x0000000082100000|100%| O|  |TAMS 0x0000000082100000, 0x0000000082100000| Untracked 
|  33|0x0000000082100000, 0x0000000082100000, 0x0000000082200000|  0%| F|  |TAMS 0x0000000082100000, 0x0000000082100000| Untracked 
|  34|0x0000000082200000, 0x0000000082300000, 0x0000000082300000|100%| O|  |TAMS 0x0000000082300000, 0x0000000082300000| Untracked 
|  35|0x0000000082300000, 0x0000000082400000, 0x0000000082400000|100%| O|  |TAMS 0x0000000082300000, 0x0000000082400000| Untracked 
|  36|0x0000000082400000, 0x0000000082500000, 0x0000000082500000|100%| O|  |TAMS 0x0000000082500000, 0x0000000082500000| Untracked 
|  37|0x0000000082500000, 0x0000000082600000, 0x0000000082600000|100%| O|  |TAMS 0x0000000082600000, 0x0000000082600000| Untracked 
|  38|0x0000000082600000, 0x0000000082700000, 0x0000000082700000|100%| O|  |TAMS 0x0000000082700000, 0x0000000082700000| Untracked 
|  39|0x0000000082700000, 0x0000000082800000, 0x0000000082800000|100%| O|  |TAMS 0x0000000082700000, 0x0000000082800000| Untracked 
|  40|0x0000000082800000, 0x0000000082900000, 0x0000000082900000|100%| O|  |TAMS 0x0000000082900000, 0x0000000082900000| Untracked 
|  41|0x0000000082900000, 0x0000000082a00000, 0x0000000082a00000|100%| O|  |TAMS 0x0000000082a00000, 0x0000000082a00000| Untracked 
|  42|0x0000000082a00000, 0x0000000082b00000, 0x0000000082b00000|100%| O|  |TAMS 0x0000000082b00000, 0x0000000082b00000| Untracked 
|  43|0x0000000082b00000, 0x0000000082c00000, 0x0000000082c00000|100%| O|  |TAMS 0x0000000082c00000, 0x0000000082c00000| Untracked 
|  44|0x0000000082c00000, 0x0000000082c00000, 0x0000000082d00000|  0%| F|  |TAMS 0x0000000082c00000, 0x0000000082c00000| Untracked 
|  45|0x0000000082d00000, 0x0000000082e00000, 0x0000000082e00000|100%| O|  |TAMS 0x0000000082e00000, 0x0000000082e00000| Untracked 
|  46|0x0000000082e00000, 0x0000000082f00000, 0x0000000082f00000|100%| O|  |TAMS 0x0000000082f00000, 0x0000000082f00000| Untracked 
|  47|0x0000000082f00000, 0x0000000083000000, 0x0000000083000000|100%| O|  |TAMS 0x0000000082f00000, 0x0000000083000000| Untracked 
|  48|0x0000000083000000, 0x0000000083100000, 0x0000000083100000|100%| O|  |TAMS 0x0000000083000000, 0x0000000083100000| Untracked 
|  49|0x0000000083100000, 0x0000000083200000, 0x0000000083200000|100%| O|  |TAMS 0x0000000083200000, 0x0000000083200000| Untracked 
|  50|0x0000000083200000, 0x0000000083300000, 0x0000000083300000|100%| O|  |TAMS 0x0000000083300000, 0x0000000083300000| Untracked 
|  51|0x0000000083300000, 0x0000000083300000, 0x0000000083400000|  0%| F|  |TAMS 0x0000000083300000, 0x0000000083300000| Untracked 
|  52|0x0000000083400000, 0x0000000083500000, 0x0000000083500000|100%| O|  |TAMS 0x0000000083400000, 0x0000000083500000| Untracked 
|  53|0x0000000083500000, 0x0000000083600000, 0x0000000083600000|100%| O|  |TAMS 0x0000000083600000, 0x0000000083600000| Untracked 
|  54|0x0000000083600000, 0x0000000083700000, 0x0000000083700000|100%| O|  |TAMS 0x0000000083700000, 0x0000000083700000| Untracked 
|  55|0x0000000083700000, 0x0000000083800000, 0x0000000083800000|100%| O|  |TAMS 0x0000000083800000, 0x0000000083800000| Untracked 
|  56|0x0000000083800000, 0x0000000083900000, 0x0000000083900000|100%| O|  |TAMS 0x0000000083900000, 0x0000000083900000| Untracked 
|  57|0x0000000083900000, 0x0000000083900000, 0x0000000083a00000|  0%| F|  |TAMS 0x0000000083900000, 0x0000000083900000| Untracked 
|  58|0x0000000083a00000, 0x0000000083b00000, 0x0000000083b00000|100%| O|  |TAMS 0x0000000083b00000, 0x0000000083b00000| Untracked 
|  59|0x0000000083b00000, 0x0000000083c00000, 0x0000000083c00000|100%| O|  |TAMS 0x0000000083c00000, 0x0000000083c00000| Untracked 
|  60|0x0000000083c00000, 0x0000000083d00000, 0x0000000083d00000|100%| O|  |TAMS 0x0000000083d00000, 0x0000000083d00000| Untracked 
|  61|0x0000000083d00000, 0x0000000083e00000, 0x0000000083e00000|100%| O|  |TAMS 0x0000000083d00000, 0x0000000083e00000| Untracked 
|  62|0x0000000083e00000, 0x0000000083e00000, 0x0000000083f00000|  0%| F|  |TAMS 0x0000000083e00000, 0x0000000083e00000| Untracked 
|  63|0x0000000083f00000, 0x0000000084000000, 0x0000000084000000|100%| O|  |TAMS 0x0000000083f00000, 0x0000000084000000| Untracked 
|  64|0x0000000084000000, 0x0000000084100000, 0x0000000084100000|100%| O|  |TAMS 0x0000000084000000, 0x0000000084100000| Untracked 
|  65|0x0000000084100000, 0x0000000084200000, 0x0000000084200000|100%| O|  |TAMS 0x0000000084200000, 0x0000000084200000| Untracked 
|  66|0x0000000084200000, 0x0000000084300000, 0x0000000084300000|100%| O|  |TAMS 0x0000000084300000, 0x0000000084300000| Untracked 
|  67|0x0000000084300000, 0x0000000084400000, 0x0000000084400000|100%| O|  |TAMS 0x0000000084400000, 0x0000000084400000| Untracked 
|  68|0x0000000084400000, 0x0000000084500000, 0x0000000084500000|100%| O|  |TAMS 0x0000000084500000, 0x0000000084500000| Untracked 
|  69|0x0000000084500000, 0x0000000084600000, 0x0000000084600000|100%| O|  |TAMS 0x0000000084600000, 0x0000000084600000| Untracked 
|  70|0x0000000084600000, 0x0000000084700000, 0x0000000084700000|100%| O|  |TAMS 0x0000000084700000, 0x0000000084700000| Untracked 
|  71|0x0000000084700000, 0x0000000084800000, 0x0000000084800000|100%| O|  |TAMS 0x0000000084700000, 0x0000000084800000| Untracked 
|  72|0x0000000084800000, 0x0000000084900000, 0x0000000084900000|100%| O|  |TAMS 0x0000000084800000, 0x0000000084900000| Untracked 
|  73|0x0000000084900000, 0x0000000084a00000, 0x0000000084a00000|100%| O|  |TAMS 0x0000000084900000, 0x0000000084a00000| Untracked 
|  74|0x0000000084a00000, 0x0000000084b00000, 0x0000000084b00000|100%| O|  |TAMS 0x0000000084a00000, 0x0000000084b00000| Untracked 
|  75|0x0000000084b00000, 0x0000000084c00000, 0x0000000084c00000|100%| O|  |TAMS 0x0000000084c00000, 0x0000000084c00000| Untracked 
|  76|0x0000000084c00000, 0x0000000084d00000, 0x0000000084d00000|100%| O|  |TAMS 0x0000000084d00000, 0x0000000084d00000| Untracked 
|  77|0x0000000084d00000, 0x0000000084e00000, 0x0000000084e00000|100%| O|  |TAMS 0x0000000084e00000, 0x0000000084e00000| Untracked 
|  78|0x0000000084e00000, 0x0000000084f00000, 0x0000000084f00000|100%| O|  |TAMS 0x0000000084e00000, 0x0000000084f00000| Untracked 
|  79|0x0000000084f00000, 0x0000000085000000, 0x0000000085000000|100%| O|  |TAMS 0x0000000084f00000, 0x0000000085000000| Untracked 
|  80|0x0000000085000000, 0x0000000085000000, 0x0000000085100000|  0%| F|  |TAMS 0x0000000085000000, 0x0000000085000000| Untracked 
|  81|0x0000000085100000, 0x0000000085100000, 0x0000000085200000|  0%| F|  |TAMS 0x0000000085100000, 0x0000000085100000| Untracked 
|  82|0x0000000085200000, 0x0000000085200000, 0x0000000085300000|  0%| F|  |TAMS 0x0000000085200000, 0x0000000085200000| Untracked 
|  83|0x0000000085300000, 0x0000000085400000, 0x0000000085400000|100%| O|  |TAMS 0x0000000085400000, 0x0000000085400000| Untracked 
|  84|0x0000000085400000, 0x0000000085500000, 0x0000000085500000|100%| O|  |TAMS 0x0000000085500000, 0x0000000085500000| Untracked 
|  85|0x0000000085500000, 0x0000000085600000, 0x0000000085600000|100%| O|  |TAMS 0x0000000085600000, 0x0000000085600000| Untracked 
|  86|0x0000000085600000, 0x00000000856ddc00, 0x0000000085700000| 86%| O|  |TAMS 0x0000000085600000, 0x00000000856ddc00| Untracked 
|  87|0x0000000085700000, 0x0000000085700000, 0x0000000085800000|  0%| F|  |TAMS 0x0000000085700000, 0x0000000085700000| Untracked 
|  88|0x0000000085800000, 0x0000000085800000, 0x0000000085900000|  0%| F|  |TAMS 0x0000000085800000, 0x0000000085800000| Untracked 
|  89|0x0000000085900000, 0x0000000085a00000, 0x0000000085a00000|100%| O|  |TAMS 0x0000000085a00000, 0x0000000085a00000| Untracked 
|  90|0x0000000085a00000, 0x0000000085b00000, 0x0000000085b00000|100%| O|  |TAMS 0x0000000085b00000, 0x0000000085b00000| Untracked 
|  91|0x0000000085b00000, 0x0000000085c00000, 0x0000000085c00000|100%| O|  |TAMS 0x0000000085c00000, 0x0000000085c00000| Untracked 
|  92|0x0000000085c00000, 0x0000000085d00000, 0x0000000085d00000|100%| O|  |TAMS 0x0000000085d00000, 0x0000000085d00000| Untracked 
|  93|0x0000000085d00000, 0x0000000085d00000, 0x0000000085e00000|  0%| F|  |TAMS 0x0000000085d00000, 0x0000000085d00000| Untracked 
|  94|0x0000000085e00000, 0x0000000085e00000, 0x0000000085f00000|  0%| F|  |TAMS 0x0000000085e00000, 0x0000000085e00000| Untracked 
|  95|0x0000000085f00000, 0x0000000085f00000, 0x0000000086000000|  0%| F|  |TAMS 0x0000000085f00000, 0x0000000085f00000| Untracked 
|  96|0x0000000086000000, 0x0000000086100000, 0x0000000086100000|100%| O|  |TAMS 0x0000000086100000, 0x0000000086100000| Untracked 
|  97|0x0000000086100000, 0x0000000086100000, 0x0000000086200000|  0%| F|  |TAMS 0x0000000086100000, 0x0000000086100000| Untracked 
|  98|0x0000000086200000, 0x0000000086200000, 0x0000000086300000|  0%| F|  |TAMS 0x0000000086200000, 0x0000000086200000| Untracked 
|  99|0x0000000086300000, 0x0000000086300000, 0x0000000086400000|  0%| F|  |TAMS 0x0000000086300000, 0x0000000086300000| Untracked 
| 100|0x0000000086400000, 0x0000000086400000, 0x0000000086500000|  0%| F|  |TAMS 0x0000000086400000, 0x0000000086400000| Untracked 
| 101|0x0000000086500000, 0x0000000086500000, 0x0000000086600000|  0%| F|  |TAMS 0x0000000086500000, 0x0000000086500000| Untracked 
| 102|0x0000000086600000, 0x0000000086600000, 0x0000000086700000|  0%| F|  |TAMS 0x0000000086600000, 0x0000000086600000| Untracked 
| 103|0x0000000086700000, 0x0000000086700000, 0x0000000086800000|  0%| F|  |TAMS 0x0000000086700000, 0x0000000086700000| Untracked 
| 104|0x0000000086800000, 0x0000000086800000, 0x0000000086900000|  0%| F|  |TAMS 0x0000000086800000, 0x0000000086800000| Untracked 
| 105|0x0000000086900000, 0x0000000086900000, 0x0000000086a00000|  0%| F|  |TAMS 0x0000000086900000, 0x0000000086900000| Untracked 
| 106|0x0000000086a00000, 0x0000000086a00000, 0x0000000086b00000|  0%| F|  |TAMS 0x0000000086a00000, 0x0000000086a00000| Untracked 
| 107|0x0000000086b00000, 0x0000000086b00000, 0x0000000086c00000|  0%| F|  |TAMS 0x0000000086b00000, 0x0000000086b00000| Untracked 
| 108|0x0000000086c00000, 0x0000000086c00000, 0x0000000086d00000|  0%| F|  |TAMS 0x0000000086c00000, 0x0000000086c00000| Untracked 
| 109|0x0000000086d00000, 0x0000000086d00000, 0x0000000086e00000|  0%| F|  |TAMS 0x0000000086d00000, 0x0000000086d00000| Untracked 
| 110|0x0000000086e00000, 0x0000000086e00000, 0x0000000086f00000|  0%| F|  |TAMS 0x0000000086e00000, 0x0000000086e00000| Untracked 
| 111|0x0000000086f00000, 0x0000000086f00000, 0x0000000087000000|  0%| F|  |TAMS 0x0000000086f00000, 0x0000000086f00000| Untracked 
| 112|0x0000000087000000, 0x0000000087000000, 0x0000000087100000|  0%| F|  |TAMS 0x0000000087000000, 0x0000000087000000| Untracked 
| 113|0x0000000087100000, 0x0000000087200000, 0x0000000087200000|100%| O|  |TAMS 0x0000000087200000, 0x0000000087200000| Untracked 
| 114|0x0000000087200000, 0x0000000087200000, 0x0000000087300000|  0%| F|  |TAMS 0x0000000087200000, 0x0000000087200000| Untracked 
| 115|0x0000000087300000, 0x0000000087300000, 0x0000000087400000|  0%| F|  |TAMS 0x0000000087300000, 0x0000000087300000| Untracked 
| 116|0x0000000087400000, 0x0000000087400000, 0x0000000087500000|  0%| F|  |TAMS 0x0000000087400000, 0x0000000087400000| Untracked 
| 117|0x0000000087500000, 0x0000000087600000, 0x0000000087600000|100%| O|  |TAMS 0x0000000087600000, 0x0000000087600000| Untracked 
| 118|0x0000000087600000, 0x0000000087700000, 0x0000000087700000|100%| O|  |TAMS 0x0000000087700000, 0x0000000087700000| Untracked 
| 119|0x0000000087700000, 0x0000000087800000, 0x0000000087800000|100%| O|  |TAMS 0x0000000087800000, 0x0000000087800000| Untracked 
| 120|0x0000000087800000, 0x0000000087900000, 0x0000000087900000|100%| O|  |TAMS 0x0000000087900000, 0x0000000087900000| Untracked 
| 121|0x0000000087900000, 0x0000000087a00000, 0x0000000087a00000|100%| O|  |TAMS 0x0000000087a00000, 0x0000000087a00000| Untracked 
| 122|0x0000000087a00000, 0x0000000087b00000, 0x0000000087b00000|100%| O|  |TAMS 0x0000000087b00000, 0x0000000087b00000| Untracked 
| 123|0x0000000087b00000, 0x0000000087c00000, 0x0000000087c00000|100%| O|  |TAMS 0x0000000087c00000, 0x0000000087c00000| Untracked 
| 124|0x0000000087c00000, 0x0000000087d00000, 0x0000000087d00000|100%| O|  |TAMS 0x0000000087c88a00, 0x0000000087d00000| Untracked 
| 125|0x0000000087d00000, 0x0000000087d00000, 0x0000000087e00000|  0%| F|  |TAMS 0x0000000087d00000, 0x0000000087d00000| Untracked 
| 126|0x0000000087e00000, 0x0000000087e00000, 0x0000000087f00000|  0%| F|  |TAMS 0x0000000087e00000, 0x0000000087e00000| Untracked 
| 127|0x0000000087f00000, 0x0000000087f00000, 0x0000000088000000|  0%| F|  |TAMS 0x0000000087f00000, 0x0000000087f00000| Untracked 
| 128|0x0000000088000000, 0x0000000088100000, 0x0000000088100000|100%| O|  |TAMS 0x0000000088100000, 0x0000000088100000| Untracked 
| 129|0x0000000088100000, 0x0000000088200000, 0x0000000088200000|100%| O|  |TAMS 0x0000000088200000, 0x0000000088200000| Untracked 
| 130|0x0000000088200000, 0x0000000088300000, 0x0000000088300000|100%| O|  |TAMS 0x0000000088300000, 0x0000000088300000| Untracked 
| 131|0x0000000088300000, 0x0000000088300000, 0x0000000088400000|  0%| F|  |TAMS 0x0000000088300000, 0x0000000088300000| Untracked 
| 132|0x0000000088400000, 0x0000000088500000, 0x0000000088500000|100%| O|  |TAMS 0x0000000088500000, 0x0000000088500000| Untracked 
| 133|0x0000000088500000, 0x0000000088600000, 0x0000000088600000|100%| O|  |TAMS 0x0000000088600000, 0x0000000088600000| Untracked 
| 134|0x0000000088600000, 0x0000000088700000, 0x0000000088700000|100%| O|  |TAMS 0x0000000088700000, 0x0000000088700000| Untracked 
| 135|0x0000000088700000, 0x0000000088700000, 0x0000000088800000|  0%| F|  |TAMS 0x0000000088700000, 0x0000000088700000| Untracked 
| 136|0x0000000088800000, 0x0000000088800000, 0x0000000088900000|  0%| F|  |TAMS 0x0000000088800000, 0x0000000088800000| Untracked 
| 137|0x0000000088900000, 0x0000000088900000, 0x0000000088a00000|  0%| F|  |TAMS 0x0000000088900000, 0x0000000088900000| Untracked 
| 138|0x0000000088a00000, 0x0000000088a00000, 0x0000000088b00000|  0%| F|  |TAMS 0x0000000088a00000, 0x0000000088a00000| Untracked 
| 139|0x0000000088b00000, 0x0000000088b00000, 0x0000000088c00000|  0%| F|  |TAMS 0x0000000088b00000, 0x0000000088b00000| Untracked 
| 140|0x0000000088c00000, 0x0000000088c00000, 0x0000000088d00000|  0%| F|  |TAMS 0x0000000088c00000, 0x0000000088c00000| Untracked 
| 141|0x0000000088d00000, 0x0000000088d00000, 0x0000000088e00000|  0%| F|  |TAMS 0x0000000088d00000, 0x0000000088d00000| Untracked 
| 142|0x0000000088e00000, 0x0000000088e00000, 0x0000000088f00000|  0%| F|  |TAMS 0x0000000088e00000, 0x0000000088e00000| Untracked 
| 143|0x0000000088f00000, 0x0000000088f00000, 0x0000000089000000|  0%| F|  |TAMS 0x0000000088f00000, 0x0000000088f00000| Untracked 
| 144|0x0000000089000000, 0x0000000089000000, 0x0000000089100000|  0%| F|  |TAMS 0x0000000089000000, 0x0000000089000000| Untracked 
| 145|0x0000000089100000, 0x0000000089100000, 0x0000000089200000|  0%| F|  |TAMS 0x0000000089100000, 0x0000000089100000| Untracked 
| 146|0x0000000089200000, 0x0000000089200000, 0x0000000089300000|  0%| F|  |TAMS 0x0000000089200000, 0x0000000089200000| Untracked 
| 147|0x0000000089300000, 0x0000000089300000, 0x0000000089400000|  0%| F|  |TAMS 0x0000000089300000, 0x0000000089300000| Untracked 
| 148|0x0000000089400000, 0x0000000089400000, 0x0000000089500000|  0%| F|  |TAMS 0x0000000089400000, 0x0000000089400000| Untracked 
| 149|0x0000000089500000, 0x0000000089500000, 0x0000000089600000|  0%| F|  |TAMS 0x0000000089500000, 0x0000000089500000| Untracked 
| 150|0x0000000089600000, 0x0000000089600000, 0x0000000089700000|  0%| F|  |TAMS 0x0000000089600000, 0x0000000089600000| Untracked 
| 151|0x0000000089700000, 0x00000000897c6028, 0x0000000089800000| 77%| S|CS|TAMS 0x0000000089700000, 0x0000000089700000| Complete 
| 152|0x0000000089800000, 0x0000000089900000, 0x0000000089900000|100%| S|CS|TAMS 0x0000000089800000, 0x0000000089800000| Complete 
| 153|0x0000000089900000, 0x0000000089a00000, 0x0000000089a00000|100%| S|CS|TAMS 0x0000000089900000, 0x0000000089900000| Complete 
| 154|0x0000000089a00000, 0x0000000089b00000, 0x0000000089b00000|100%| S|CS|TAMS 0x0000000089a00000, 0x0000000089a00000| Complete 
| 155|0x0000000089b00000, 0x0000000089c00000, 0x0000000089c00000|100%| S|CS|TAMS 0x0000000089b00000, 0x0000000089b00000| Complete 
| 156|0x0000000089c00000, 0x0000000089d00000, 0x0000000089d00000|100%| S|CS|TAMS 0x0000000089c00000, 0x0000000089c00000| Complete 
| 157|0x0000000089d00000, 0x0000000089e00000, 0x0000000089e00000|100%| S|CS|TAMS 0x0000000089d00000, 0x0000000089d00000| Complete 
| 158|0x0000000089e00000, 0x0000000089e00000, 0x0000000089f00000|  0%| F|  |TAMS 0x0000000089e00000, 0x0000000089e00000| Untracked 
| 159|0x0000000089f00000, 0x0000000089f00000, 0x000000008a000000|  0%| F|  |TAMS 0x0000000089f00000, 0x0000000089f00000| Untracked 
| 160|0x000000008a000000, 0x000000008a000000, 0x000000008a100000|  0%| F|  |TAMS 0x000000008a000000, 0x000000008a000000| Untracked 
| 161|0x000000008a100000, 0x000000008a100000, 0x000000008a200000|  0%| F|  |TAMS 0x000000008a100000, 0x000000008a100000| Untracked 
| 162|0x000000008a200000, 0x000000008a200000, 0x000000008a300000|  0%| F|  |TAMS 0x000000008a200000, 0x000000008a200000| Untracked 
| 163|0x000000008a300000, 0x000000008a300000, 0x000000008a400000|  0%| F|  |TAMS 0x000000008a300000, 0x000000008a300000| Untracked 
| 164|0x000000008a400000, 0x000000008a400000, 0x000000008a500000|  0%| F|  |TAMS 0x000000008a400000, 0x000000008a400000| Untracked 
| 165|0x000000008a500000, 0x000000008a500000, 0x000000008a600000|  0%| F|  |TAMS 0x000000008a500000, 0x000000008a500000| Untracked 
| 166|0x000000008a600000, 0x000000008a600000, 0x000000008a700000|  0%| F|  |TAMS 0x000000008a600000, 0x000000008a600000| Untracked 
| 167|0x000000008a700000, 0x000000008a700000, 0x000000008a800000|  0%| F|  |TAMS 0x000000008a700000, 0x000000008a700000| Untracked 
| 168|0x000000008a800000, 0x000000008a800000, 0x000000008a900000|  0%| F|  |TAMS 0x000000008a800000, 0x000000008a800000| Untracked 
| 169|0x000000008a900000, 0x000000008a900000, 0x000000008aa00000|  0%| F|  |TAMS 0x000000008a900000, 0x000000008a900000| Untracked 
| 170|0x000000008aa00000, 0x000000008aa00000, 0x000000008ab00000|  0%| F|  |TAMS 0x000000008aa00000, 0x000000008aa00000| Untracked 
| 171|0x000000008ab00000, 0x000000008ab00000, 0x000000008ac00000|  0%| F|  |TAMS 0x000000008ab00000, 0x000000008ab00000| Untracked 
| 172|0x000000008ac00000, 0x000000008ac00000, 0x000000008ad00000|  0%| F|  |TAMS 0x000000008ac00000, 0x000000008ac00000| Untracked 
| 173|0x000000008ad00000, 0x000000008ad00000, 0x000000008ae00000|  0%| F|  |TAMS 0x000000008ad00000, 0x000000008ad00000| Untracked 
| 174|0x000000008ae00000, 0x000000008ae00000, 0x000000008af00000|  0%| F|  |TAMS 0x000000008ae00000, 0x000000008ae00000| Untracked 
| 175|0x000000008af00000, 0x000000008af00000, 0x000000008b000000|  0%| F|  |TAMS 0x000000008af00000, 0x000000008af00000| Untracked 
| 176|0x000000008b000000, 0x000000008b000000, 0x000000008b100000|  0%| F|  |TAMS 0x000000008b000000, 0x000000008b000000| Untracked 
| 177|0x000000008b100000, 0x000000008b100000, 0x000000008b200000|  0%| F|  |TAMS 0x000000008b100000, 0x000000008b100000| Untracked 
| 178|0x000000008b200000, 0x000000008b200000, 0x000000008b300000|  0%| F|  |TAMS 0x000000008b200000, 0x000000008b200000| Untracked 
| 179|0x000000008b300000, 0x000000008b300000, 0x000000008b400000|  0%| F|  |TAMS 0x000000008b300000, 0x000000008b300000| Untracked 
| 180|0x000000008b400000, 0x000000008b400000, 0x000000008b500000|  0%| F|  |TAMS 0x000000008b400000, 0x000000008b400000| Untracked 
| 181|0x000000008b500000, 0x000000008b500000, 0x000000008b600000|  0%| F|  |TAMS 0x000000008b500000, 0x000000008b500000| Untracked 
| 182|0x000000008b600000, 0x000000008b600000, 0x000000008b700000|  0%| F|  |TAMS 0x000000008b600000, 0x000000008b600000| Untracked 
| 183|0x000000008b700000, 0x000000008b700000, 0x000000008b800000|  0%| F|  |TAMS 0x000000008b700000, 0x000000008b700000| Untracked 
| 184|0x000000008b800000, 0x000000008b800000, 0x000000008b900000|  0%| F|  |TAMS 0x000000008b800000, 0x000000008b800000| Untracked 
| 185|0x000000008b900000, 0x000000008b900000, 0x000000008ba00000|  0%| F|  |TAMS 0x000000008b900000, 0x000000008b900000| Untracked 
| 186|0x000000008ba00000, 0x000000008ba00000, 0x000000008bb00000|  0%| F|  |TAMS 0x000000008ba00000, 0x000000008ba00000| Untracked 
| 187|0x000000008bb00000, 0x000000008bb00000, 0x000000008bc00000|  0%| F|  |TAMS 0x000000008bb00000, 0x000000008bb00000| Untracked 
| 188|0x000000008bc00000, 0x000000008bc00000, 0x000000008bd00000|  0%| F|  |TAMS 0x000000008bc00000, 0x000000008bc00000| Untracked 
| 189|0x000000008bd00000, 0x000000008bd00000, 0x000000008be00000|  0%| F|  |TAMS 0x000000008bd00000, 0x000000008bd00000| Untracked 
| 190|0x000000008be00000, 0x000000008be00000, 0x000000008bf00000|  0%| F|  |TAMS 0x000000008be00000, 0x000000008be00000| Untracked 
| 191|0x000000008bf00000, 0x000000008bf00000, 0x000000008c000000|  0%| F|  |TAMS 0x000000008bf00000, 0x000000008bf00000| Untracked 
| 192|0x000000008c000000, 0x000000008c000000, 0x000000008c100000|  0%| F|  |TAMS 0x000000008c000000, 0x000000008c000000| Untracked 
| 193|0x000000008c100000, 0x000000008c100000, 0x000000008c200000|  0%| F|  |TAMS 0x000000008c100000, 0x000000008c100000| Untracked 
| 194|0x000000008c200000, 0x000000008c200000, 0x000000008c300000|  0%| F|  |TAMS 0x000000008c200000, 0x000000008c200000| Untracked 
| 195|0x000000008c300000, 0x000000008c300000, 0x000000008c400000|  0%| F|  |TAMS 0x000000008c300000, 0x000000008c300000| Untracked 
| 196|0x000000008c400000, 0x000000008c400000, 0x000000008c500000|  0%| F|  |TAMS 0x000000008c400000, 0x000000008c400000| Untracked 
| 197|0x000000008c500000, 0x000000008c500000, 0x000000008c600000|  0%| F|  |TAMS 0x000000008c500000, 0x000000008c500000| Untracked 
| 198|0x000000008c600000, 0x000000008c600000, 0x000000008c700000|  0%| F|  |TAMS 0x000000008c600000, 0x000000008c600000| Untracked 
| 199|0x000000008c700000, 0x000000008c700000, 0x000000008c800000|  0%| F|  |TAMS 0x000000008c700000, 0x000000008c700000| Untracked 
| 200|0x000000008c800000, 0x000000008c800000, 0x000000008c900000|  0%| F|  |TAMS 0x000000008c800000, 0x000000008c800000| Untracked 
| 201|0x000000008c900000, 0x000000008c900000, 0x000000008ca00000|  0%| F|  |TAMS 0x000000008c900000, 0x000000008c900000| Untracked 
| 202|0x000000008ca00000, 0x000000008ca00000, 0x000000008cb00000|  0%| F|  |TAMS 0x000000008ca00000, 0x000000008ca00000| Untracked 
| 203|0x000000008cb00000, 0x000000008cb00000, 0x000000008cc00000|  0%| F|  |TAMS 0x000000008cb00000, 0x000000008cb00000| Untracked 
| 204|0x000000008cc00000, 0x000000008cc00000, 0x000000008cd00000|  0%| F|  |TAMS 0x000000008cc00000, 0x000000008cc00000| Untracked 
| 205|0x000000008cd00000, 0x000000008cd00000, 0x000000008ce00000|  0%| F|  |TAMS 0x000000008cd00000, 0x000000008cd00000| Untracked 
| 206|0x000000008ce00000, 0x000000008ce00000, 0x000000008cf00000|  0%| F|  |TAMS 0x000000008ce00000, 0x000000008ce00000| Untracked 
| 207|0x000000008cf00000, 0x000000008cf00000, 0x000000008d000000|  0%| F|  |TAMS 0x000000008cf00000, 0x000000008cf00000| Untracked 
| 208|0x000000008d000000, 0x000000008d000000, 0x000000008d100000|  0%| F|  |TAMS 0x000000008d000000, 0x000000008d000000| Untracked 
| 209|0x000000008d100000, 0x000000008d100000, 0x000000008d200000|  0%| F|  |TAMS 0x000000008d100000, 0x000000008d100000| Untracked 
| 210|0x000000008d200000, 0x000000008d200000, 0x000000008d300000|  0%| F|  |TAMS 0x000000008d200000, 0x000000008d200000| Untracked 
| 211|0x000000008d300000, 0x000000008d300000, 0x000000008d400000|  0%| F|  |TAMS 0x000000008d300000, 0x000000008d300000| Untracked 
| 212|0x000000008d400000, 0x000000008d400000, 0x000000008d500000|  0%| F|  |TAMS 0x000000008d400000, 0x000000008d400000| Untracked 
| 213|0x000000008d500000, 0x000000008d500000, 0x000000008d600000|  0%| F|  |TAMS 0x000000008d500000, 0x000000008d500000| Untracked 
| 214|0x000000008d600000, 0x000000008d600000, 0x000000008d700000|  0%| F|  |TAMS 0x000000008d600000, 0x000000008d600000| Untracked 
| 215|0x000000008d700000, 0x000000008d700000, 0x000000008d800000|  0%| F|  |TAMS 0x000000008d700000, 0x000000008d700000| Untracked 
| 216|0x000000008d800000, 0x000000008d800000, 0x000000008d900000|  0%| F|  |TAMS 0x000000008d800000, 0x000000008d800000| Untracked 
| 217|0x000000008d900000, 0x000000008d900000, 0x000000008da00000|  0%| F|  |TAMS 0x000000008d900000, 0x000000008d900000| Untracked 
| 218|0x000000008da00000, 0x000000008db00000, 0x000000008db00000|100%| E|  |TAMS 0x000000008da00000, 0x000000008da00000| Complete 
| 219|0x000000008db00000, 0x000000008dc00000, 0x000000008dc00000|100%| E|CS|TAMS 0x000000008db00000, 0x000000008db00000| Complete 
| 220|0x000000008dc00000, 0x000000008dd00000, 0x000000008dd00000|100%| E|CS|TAMS 0x000000008dc00000, 0x000000008dc00000| Complete 
| 221|0x000000008dd00000, 0x000000008de00000, 0x000000008de00000|100%| E|CS|TAMS 0x000000008dd00000, 0x000000008dd00000| Complete 

Card table byte_map: [0x000002a766400000,0x000002a766800000] _byte_map_base: 0x000002a766000000

Marking Bits (Prev, Next): (CMBitMap*) 0x000002a753553960, (CMBitMap*) 0x000002a753553928
 Prev Bits: [0x000002a768c00000, 0x000002a76ac00000)
 Next Bits: [0x000002a766c00000, 0x000002a768c00000)

Polling page: 0x000002a7513f0000

Metaspace:

Usage:
  Non-class:    113.31 MB capacity,   111.06 MB ( 98%) used,     1.81 MB (  2%) free+waste,   451.88 KB ( <1%) overhead. 
      Class:     16.91 MB capacity,    15.58 MB ( 92%) used,     1.14 MB (  7%) free+waste,   198.81 KB (  1%) overhead. 
       Both:    130.22 MB capacity,   126.65 MB ( 97%) used,     2.94 MB (  2%) free+waste,   650.69 KB ( <1%) overhead. 

Virtual space:
  Non-class space:      114.00 MB reserved,     113.56 MB (>99%) committed 
      Class space:        1.00 GB reserved,      17.07 MB (  2%) committed 
             Both:        1.11 GB reserved,     130.64 MB ( 11%) committed 

Chunk freelists:
   Non-Class:  258.00 KB
       Class:  153.00 KB
        Both:  411.00 KB

MaxMetaspaceSize: 17179869184.00 GB
CompressedClassSpaceSize: 1.00 GB
Initial GC threshold: 20.80 MB
Current GC threshold: 216.06 MB
CDS: off

CodeHeap 'non-profiled nmethods': size=120064Kb used=18123Kb max_used=18373Kb free=101941Kb
 bounds [0x000002a75eac0000, 0x000002a75fcc0000, 0x000002a766000000]
CodeHeap 'profiled nmethods': size=120000Kb used=50480Kb max_used=51254Kb free=69519Kb
 bounds [0x000002a757590000, 0x000002a75a7c0000, 0x000002a75eac0000]
CodeHeap 'non-nmethods': size=5696Kb used=2538Kb max_used=2631Kb free=3157Kb
 bounds [0x000002a757000000, 0x000002a7572b0000, 0x000002a757590000]
 total_blobs=23107 nmethods=22019 adapters=999
 compilation: enabled
              stopped_count=0, restarted_count=0
 full_count=0

Compilation events (20 events):
Event: 4760.978 Thread 0x000002a76d984000 nmethod 25395 0x000002a7580dc910 code [0x000002a7580dcde0, 0x000002a7580dfff8]
Event: 4760.978 Thread 0x000002a76d984000 25402       3       com.sun.tools.javac.tree.TreeInfo::getStartPos (733 bytes)
Event: 4760.981 Thread 0x000002a76d984000 nmethod 25402 0x000002a7585c6110 code [0x000002a7585c6600, 0x000002a7585c9678]
Event: 4760.981 Thread 0x000002a76d984000 25401   !   3       com.sun.tools.javac.comp.Lower::visitMethodDefInternal (586 bytes)
Event: 4760.990 Thread 0x000002a76d129800 nmethod 25383 0x000002a75ec6b510 code [0x000002a75ec6b6c0, 0x000002a75ec6be38]
Event: 4760.990 Thread 0x000002a76d129800 25385       4       com.sun.source.util.TreePath::<init> (51 bytes)
Event: 4760.992 Thread 0x000002a76d984000 nmethod 25401 0x000002a7599ffc10 code [0x000002a759a00460, 0x000002a759a069a8]
Event: 4760.992 Thread 0x000002a76d984000 25400   !   3       com.sun.tools.javac.comp.Lower::visitMethodDef (408 bytes)
Event: 4760.998 Thread 0x000002a76d129800 nmethod 25385 0x000002a75ec6ae10 code [0x000002a75ec6afc0, 0x000002a75ec6b3f8]
Event: 4760.998 Thread 0x000002a76d129800 25378       4       com.sun.tools.javac.tree.TreeInfo::symbolForImpl (292 bytes)
Event: 4761.002 Thread 0x000002a76d984000 nmethod 25400 0x000002a7578c5810 code [0x000002a7578c5f80, 0x000002a7578cab98]
Event: 4761.004 Thread 0x000002a76d129800 nmethod 25378 0x000002a75f89a890 code [0x000002a75f89aa60, 0x000002a75f89ac38]
Event: 4761.004 Thread 0x000002a76d129800 25394       4       com.sun.tools.javac.tree.TreeInfo::symbol (104 bytes)
Event: 4761.010 Thread 0x000002a76d129800 nmethod 25394 0x000002a75f5da190 code [0x000002a75f5da360, 0x000002a75f5da538]
Event: 4761.010 Thread 0x000002a76d129800 25403       4       com.sun.tools.javac.code.Types$14::visitType (10 bytes)
Event: 4761.012 Thread 0x000002a76d129800 nmethod 25403 0x000002a75f89a490 code [0x000002a75f89a640, 0x000002a75f89a718]
Event: 4761.012 Thread 0x000002a76d129800 25393       4       com.sun.tools.javac.code.Types::eraseNotNeeded (30 bytes)
Event: 4761.015 Thread 0x000002a76d129800 nmethod 25393 0x000002a75f28e710 code [0x000002a75f28e8a0, 0x000002a75f28e978]
Event: 4761.015 Thread 0x000002a76d129800 25398       4       com.sun.tools.javac.code.Types$Subst::visitClassType (83 bytes)
Event: 4761.027 Thread 0x000002a76d984000 25406       3       com.sun.tools.javac.jvm.ClassWriter::writePool (1179 bytes)

GC Heap History (20 events):
Event: 4744.510 GC heap before
{Heap before GC invocations=102 (full 0):
 garbage-first heap   total 227328K, used 166073K [0x0000000080000000, 0x0000000100000000)
  region size 1024K, 72 young (73728K), 1 survivors (1024K)
 Metaspace       used 128078K, capacity 131775K, committed 132492K, reserved 1165312K
  class space    used 15895K, capacity 17274K, committed 17484K, reserved 1048576K
}
Event: 4744.555 GC heap after
{Heap after GC invocations=103 (full 0):
 garbage-first heap   total 227328K, used 99772K [0x0000000080000000, 0x0000000100000000)
  region size 1024K, 7 young (7168K), 7 survivors (7168K)
 Metaspace       used 128078K, capacity 131775K, committed 132492K, reserved 1165312K
  class space    used 15895K, capacity 17274K, committed 17484K, reserved 1048576K
}
Event: 4746.192 GC heap before
{Heap before GC invocations=104 (full 0):
 garbage-first heap   total 227328K, used 179644K [0x0000000080000000, 0x0000000100000000)
  region size 1024K, 77 young (78848K), 7 survivors (7168K)
 Metaspace       used 128117K, capacity 131780K, committed 132492K, reserved 1165312K
  class space    used 15895K, capacity 17275K, committed 17484K, reserved 1048576K
}
Event: 4746.262 GC heap after
{Heap after GC invocations=105 (full 0):
 garbage-first heap   total 227328K, used 124564K [0x0000000080000000, 0x0000000100000000)
  region size 1024K, 10 young (10240K), 10 survivors (10240K)
 Metaspace       used 128117K, capacity 131780K, committed 132492K, reserved 1165312K
  class space    used 15895K, capacity 17275K, committed 17484K, reserved 1048576K
}
Event: 4746.275 GC heap before
{Heap before GC invocations=105 (full 0):
 garbage-first heap   total 227328K, used 124564K [0x0000000080000000, 0x0000000100000000)
  region size 1024K, 11 young (11264K), 10 survivors (10240K)
 Metaspace       used 128117K, capacity 131780K, committed 132492K, reserved 1165312K
  class space    used 15895K, capacity 17275K, committed 17484K, reserved 1048576K
}
Event: 4746.333 GC heap after
{Heap after GC invocations=106 (full 0):
 garbage-first heap   total 227328K, used 121856K [0x0000000080000000, 0x0000000100000000)
  region size 1024K, 2 young (2048K), 2 survivors (2048K)
 Metaspace       used 128117K, capacity 131780K, committed 132492K, reserved 1165312K
  class space    used 15895K, capacity 17275K, committed 17484K, reserved 1048576K
}
Event: 4746.349 GC heap before
{Heap before GC invocations=106 (full 0):
 garbage-first heap   total 227328K, used 121856K [0x0000000080000000, 0x0000000100000000)
  region size 1024K, 4 young (4096K), 2 survivors (2048K)
 Metaspace       used 128117K, capacity 131780K, committed 132492K, reserved 1165312K
  class space    used 15895K, capacity 17275K, committed 17484K, reserved 1048576K
}
Event: 4746.362 GC heap after
{Heap after GC invocations=107 (full 0):
 garbage-first heap   total 227328K, used 121386K [0x0000000080000000, 0x0000000100000000)
  region size 1024K, 2 young (2048K), 2 survivors (2048K)
 Metaspace       used 128117K, capacity 131780K, committed 132492K, reserved 1165312K
  class space    used 15895K, capacity 17275K, committed 17484K, reserved 1048576K
}
Event: 4747.455 GC heap before
{Heap before GC invocations=108 (full 0):
 garbage-first heap   total 227328K, used 192042K [0x0000000080000000, 0x0000000100000000)
  region size 1024K, 55 young (56320K), 2 survivors (2048K)
 Metaspace       used 128145K, capacity 131856K, committed 132492K, reserved 1165312K
  class space    used 15896K, capacity 17277K, committed 17484K, reserved 1048576K
}
Event: 4747.489 GC heap after
{Heap after GC invocations=109 (full 0):
 garbage-first heap   total 227328K, used 133298K [0x0000000080000000, 0x0000000100000000)
  region size 1024K, 7 young (7168K), 7 survivors (7168K)
 Metaspace       used 128145K, capacity 131856K, committed 132492K, reserved 1165312K
  class space    used 15896K, capacity 17277K, committed 17484K, reserved 1048576K
}
Event: 4747.666 GC heap before
{Heap before GC invocations=109 (full 0):
 garbage-first heap   total 227328K, used 137394K [0x0000000080000000, 0x0000000100000000)
  region size 1024K, 11 young (11264K), 7 survivors (7168K)
 Metaspace       used 128148K, capacity 131856K, committed 132492K, reserved 1165312K
  class space    used 15896K, capacity 17277K, committed 17484K, reserved 1048576K
}
Event: 4747.720 GC heap after
{Heap after GC invocations=110 (full 0):
 garbage-first heap   total 227328K, used 122402K [0x0000000080000000, 0x0000000100000000)
  region size 1024K, 1 young (1024K), 1 survivors (1024K)
 Metaspace       used 128148K, capacity 131856K, committed 132492K, reserved 1165312K
  class space    used 15896K, capacity 17277K, committed 17484K, reserved 1048576K
}
Event: 4753.013 GC heap before
{Heap before GC invocations=110 (full 0):
 garbage-first heap   total 227328K, used 174626K [0x0000000080000000, 0x0000000100000000)
  region size 1024K, 53 young (54272K), 1 survivors (1024K)
 Metaspace       used 128362K, capacity 132113K, committed 132748K, reserved 1165312K
  class space    used 15907K, capacity 17277K, committed 17484K, reserved 1048576K
}
Event: 4753.033 GC heap after
{Heap after GC invocations=111 (full 0):
 garbage-first heap   total 227328K, used 125195K [0x0000000080000000, 0x0000000100000000)
  region size 1024K, 4 young (4096K), 4 survivors (4096K)
 Metaspace       used 128362K, capacity 132113K, committed 132748K, reserved 1165312K
  class space    used 15907K, capacity 17277K, committed 17484K, reserved 1048576K
}
Event: 4758.751 GC heap before
{Heap before GC invocations=112 (full 0):
 garbage-first heap   total 227328K, used 156939K [0x0000000080000000, 0x0000000100000000)
  region size 1024K, 56 young (57344K), 4 survivors (4096K)
 Metaspace       used 128969K, capacity 132672K, committed 133260K, reserved 1165312K
  class space    used 15948K, capacity 17313K, committed 17484K, reserved 1048576K
}
Event: 4758.774 GC heap after
{Heap after GC invocations=113 (full 0):
 garbage-first heap   total 227328K, used 112742K [0x0000000080000000, 0x0000000100000000)
  region size 1024K, 7 young (7168K), 7 survivors (7168K)
 Metaspace       used 128969K, capacity 132672K, committed 133260K, reserved 1165312K
  class space    used 15948K, capacity 17313K, committed 17484K, reserved 1048576K
}
Event: 4758.868 GC heap before
{Heap before GC invocations=113 (full 0):
 garbage-first heap   total 227328K, used 116838K [0x0000000080000000, 0x0000000100000000)
  region size 1024K, 11 young (11264K), 7 survivors (7168K)
 Metaspace       used 128978K, capacity 132672K, committed 133260K, reserved 1165312K
  class space    used 15948K, capacity 17313K, committed 17484K, reserved 1048576K
}
Event: 4758.919 GC heap after
{Heap after GC invocations=114 (full 0):
 garbage-first heap   total 227328K, used 103287K [0x0000000080000000, 0x0000000100000000)
  region size 1024K, 2 young (2048K), 2 survivors (2048K)
 Metaspace       used 128978K, capacity 132672K, committed 133260K, reserved 1165312K
  class space    used 15948K, capacity 17313K, committed 17484K, reserved 1048576K
}
Event: 4760.754 GC heap before
{Heap before GC invocations=114 (full 0):
 garbage-first heap   total 227328K, used 166775K [0x0000000080000000, 0x0000000100000000)
  region size 1024K, 64 young (65536K), 2 survivors (2048K)
 Metaspace       used 129548K, capacity 133219K, committed 133772K, reserved 1165312K
  class space    used 15956K, capacity 17319K, committed 17484K, reserved 1048576K
}
Event: 4760.782 GC heap after
{Heap after GC invocations=115 (full 0):
 garbage-first heap   total 227328K, used 108175K [0x0000000080000000, 0x0000000100000000)
  region size 1024K, 7 young (7168K), 7 survivors (7168K)
 Metaspace       used 129548K, capacity 133219K, committed 133772K, reserved 1165312K
  class space    used 15956K, capacity 17319K, committed 17484K, reserved 1048576K
}

Deoptimization events (20 events):
Event: 4760.185 Thread 0x000002a771029800 Uncommon trap: trap_request=0xffffffc6 fr.pc=0x000002a75f32cd68 relative=0x0000000000000208
Event: 4760.185 Thread 0x000002a771029800 Uncommon trap: reason=bimorphic_or_optimized_type_check action=maybe_recompile pc=0x000002a75f32cd68 method=com.sun.tools.javac.code.Types$5.visitType(Lcom/sun/tools/javac/code/Type;Lcom/sun/tools/javac/code/Type;)Ljava/lang/Boolean; @ 34 c2
Event: 4760.185 Thread 0x000002a771029800 DEOPT PACKING pc=0x000002a75f32cd68 sp=0x000000afe4bf78c0
Event: 4760.185 Thread 0x000002a771029800 DEOPT UNPACKING pc=0x000002a75704a1af sp=0x000000afe4bf77f0 mode 2
Event: 4760.591 Thread 0x000002a771029800 Uncommon trap: trap_request=0xffffff4d fr.pc=0x000002a75f2a44e4 relative=0x0000000000000ec4
Event: 4760.591 Thread 0x000002a771029800 Uncommon trap: reason=unstable_if action=reinterpret pc=0x000002a75f2a44e4 method=com.sun.tools.javac.code.Types.capture(Lcom/sun/tools/javac/code/Type;)Lcom/sun/tools/javac/code/Type; @ 78 c2
Event: 4760.591 Thread 0x000002a771029800 DEOPT PACKING pc=0x000002a75f2a44e4 sp=0x000000afe4bf7fe0
Event: 4760.591 Thread 0x000002a771029800 DEOPT UNPACKING pc=0x000002a75704a1af sp=0x000000afe4bf7fd0 mode 2
Event: 4760.592 Thread 0x000002a771029800 Uncommon trap: trap_request=0xffffff4d fr.pc=0x000002a75fca0640 relative=0x0000000000000540
Event: 4760.592 Thread 0x000002a771029800 Uncommon trap: reason=unstable_if action=reinterpret pc=0x000002a75fca0640 method=com.sun.tools.javac.code.Types$16.visitClassType(Lcom/sun/tools/javac/code/Type$ClassType;Ljava/lang/Void;)Lcom/sun/tools/javac/util/List; @ 67 c2
Event: 4760.592 Thread 0x000002a771029800 DEOPT PACKING pc=0x000002a75fca0640 sp=0x000000afe4bf7dc0
Event: 4760.592 Thread 0x000002a771029800 DEOPT UNPACKING pc=0x000002a75704a1af sp=0x000000afe4bf7d10 mode 2
Event: 4760.903 Thread 0x000002a771029800 Uncommon trap: trap_request=0xffffff4d fr.pc=0x000002a75f4ab084 relative=0x0000000000002f04
Event: 4760.903 Thread 0x000002a771029800 Uncommon trap: reason=unstable_if action=reinterpret pc=0x000002a75f4ab084 method=com.sun.tools.javac.code.Types$ImplementationCache$Entry.matches(Lcom/sun/tools/javac/util/Filter;ZI)Z @ 21 c2
Event: 4760.903 Thread 0x000002a771029800 DEOPT PACKING pc=0x000002a75f4ab084 sp=0x000000afe4bf3460
Event: 4760.903 Thread 0x000002a771029800 DEOPT UNPACKING pc=0x000002a75704a1af sp=0x000000afe4bf3368 mode 2
Event: 4760.978 Thread 0x000002a771029800 Uncommon trap: trap_request=0xffffff4d fr.pc=0x000002a75f05c1c0 relative=0x0000000000000460
Event: 4760.978 Thread 0x000002a771029800 Uncommon trap: reason=unstable_if action=reinterpret pc=0x000002a75f05c1c0 method=com.sun.tools.javac.tree.TreeInfo.getStartPos(Lcom/sun/tools/javac/tree/JCTree;)I @ 17 c2
Event: 4760.978 Thread 0x000002a771029800 DEOPT PACKING pc=0x000002a75f05c1c0 sp=0x000000afe4bf73d0
Event: 4760.978 Thread 0x000002a771029800 DEOPT UNPACKING pc=0x000002a75704a1af sp=0x000000afe4bf7360 mode 2

Classes redefined (0 events):
No events

Internal exceptions (20 events):
Event: 4759.767 Thread 0x000002a771029800 Exception <a 'sun/nio/fs/WindowsException'{0x000000008bc2b440}> (0x000000008bc2b440) thrown at [./src/hotspot/share/prims/jni.cpp, line 615]
Event: 4759.771 Thread 0x000002a771029800 Exception <a 'sun/nio/fs/WindowsException'{0x000000008bc51d88}> (0x000000008bc51d88) thrown at [./src/hotspot/share/prims/jni.cpp, line 615]
Event: 4759.771 Thread 0x000002a771029800 Exception <a 'sun/nio/fs/WindowsException'{0x000000008bc51f08}> (0x000000008bc51f08) thrown at [./src/hotspot/share/prims/jni.cpp, line 615]
Event: 4759.778 Thread 0x000002a771029800 Exception <a 'sun/nio/fs/WindowsException'{0x000000008bc7a9d0}> (0x000000008bc7a9d0) thrown at [./src/hotspot/share/prims/jni.cpp, line 615]
Event: 4759.824 Thread 0x000002a771029800 Exception <a 'sun/nio/fs/WindowsException'{0x000000008bb97140}> (0x000000008bb97140) thrown at [./src/hotspot/share/prims/jni.cpp, line 615]
Event: 4759.878 Thread 0x000002a771029800 Exception <a 'sun/nio/fs/WindowsException'{0x000000008ba5e0e0}> (0x000000008ba5e0e0) thrown at [./src/hotspot/share/prims/jni.cpp, line 615]
Event: 4759.928 Thread 0x000002a771029800 Exception <a 'sun/nio/fs/WindowsException'{0x000000008b9437e0}> (0x000000008b9437e0) thrown at [./src/hotspot/share/prims/jni.cpp, line 615]
Event: 4759.973 Thread 0x000002a771029800 Exception <a 'sun/nio/fs/WindowsException'{0x000000008b8825c8}> (0x000000008b8825c8) thrown at [./src/hotspot/share/prims/jni.cpp, line 615]
Event: 4760.000 Thread 0x000002a771029800 Exception <a 'sun/nio/fs/WindowsException'{0x000000008b8ac830}> (0x000000008b8ac830) thrown at [./src/hotspot/share/prims/jni.cpp, line 615]
Event: 4760.023 Thread 0x000002a771029800 Exception <a 'sun/nio/fs/WindowsException'{0x000000008b737928}> (0x000000008b737928) thrown at [./src/hotspot/share/prims/jni.cpp, line 615]
Event: 4760.079 Thread 0x000002a771029800 Exception <a 'sun/nio/fs/WindowsException'{0x000000008b4ab528}> (0x000000008b4ab528) thrown at [./src/hotspot/share/prims/jni.cpp, line 615]
Event: 4760.129 Thread 0x000002a771029800 Exception <a 'sun/nio/fs/WindowsException'{0x000000008b4da868}> (0x000000008b4da868) thrown at [./src/hotspot/share/prims/jni.cpp, line 615]
Event: 4760.175 Thread 0x000002a771029800 Exception <a 'sun/nio/fs/WindowsException'{0x000000008b12ec78}> (0x000000008b12ec78) thrown at [./src/hotspot/share/prims/jni.cpp, line 615]
Event: 4760.212 Thread 0x000002a771029800 Exception <a 'sun/nio/fs/WindowsException'{0x000000008b005b90}> (0x000000008b005b90) thrown at [./src/hotspot/share/prims/jni.cpp, line 615]
Event: 4760.419 Thread 0x000002a771029800 Exception <a 'sun/nio/fs/WindowsException'{0x000000008acd1d90}> (0x000000008acd1d90) thrown at [./src/hotspot/share/prims/jni.cpp, line 615]
Event: 4760.540 Thread 0x000002a771029800 Exception <a 'sun/nio/fs/WindowsException'{0x000000008a8db090}> (0x000000008a8db090) thrown at [./src/hotspot/share/prims/jni.cpp, line 615]
Event: 4760.651 Thread 0x000002a771029800 Exception <a 'sun/nio/fs/WindowsException'{0x000000008a4e92f8}> (0x000000008a4e92f8) thrown at [./src/hotspot/share/prims/jni.cpp, line 615]
Event: 4760.694 Thread 0x000002a771029800 Exception <a 'sun/nio/fs/WindowsException'{0x000000008a0003b8}> (0x000000008a0003b8) thrown at [./src/hotspot/share/prims/jni.cpp, line 615]
Event: 4760.719 Thread 0x000002a771029800 Exception <a 'sun/nio/fs/WindowsException'{0x000000008a021160}> (0x000000008a021160) thrown at [./src/hotspot/share/prims/jni.cpp, line 615]
Event: 4760.860 Thread 0x000002a771029800 Exception <a 'sun/nio/fs/WindowsException'{0x000000008dd14010}> (0x000000008dd14010) thrown at [./src/hotspot/share/prims/jni.cpp, line 615]

Events (20 events):
Event: 4759.750 Thread 0x000002a76d98b000 flushing nmethod 0x000002a759af1690
Event: 4759.750 Thread 0x000002a76d98b000 flushing nmethod 0x000002a759b3c410
Event: 4759.750 Thread 0x000002a76d98b000 flushing nmethod 0x000002a759b3dc90
Event: 4759.750 Thread 0x000002a76d98b000 flushing nmethod 0x000002a759b40090
Event: 4759.750 Thread 0x000002a76d98b000 flushing nmethod 0x000002a759b43290
Event: 4759.750 Thread 0x000002a76d98b000 flushing nmethod 0x000002a759b6cc10
Event: 4759.750 Thread 0x000002a76d98b000 flushing nmethod 0x000002a759b6d310
Event: 4759.753 Thread 0x000002a76d98b000 flushing nmethod 0x000002a759efe010
Event: 4759.757 loading class com/sun/tools/javac/tree/JCTree$JCTypeCast
Event: 4759.757 loading class com/sun/tools/javac/tree/JCTree$JCTypeCast done
Event: 4759.757 loading class com/sun/tools/javac/comp/Check
Event: 4759.757 loading class com/sun/tools/javac/comp/Check done
Event: 4759.757 Executing VM operation: Deoptimize
Event: 4759.760 Executing VM operation: Deoptimize done
Event: 4760.076 Executing VM operation: ICBufferFull
Event: 4760.077 Executing VM operation: ICBufferFull done
Event: 4760.660 Executing VM operation: ICBufferFull
Event: 4760.660 Executing VM operation: ICBufferFull done
Event: 4760.754 Executing VM operation: G1CollectForAllocation
Event: 4760.782 Executing VM operation: G1CollectForAllocation done


Dynamic libraries:
0x00007ff6a06c0000 - 0x00007ff6a06ca000 	C:\Program Files\Android\Android Studio\jre\bin\java.exe
0x00007ffa73ef0000 - 0x00007ffa740e8000 	C:\Windows\SYSTEM32\ntdll.dll
0x00007ffa73b80000 - 0x00007ffa73c3d000 	C:\Windows\System32\KERNEL32.DLL
0x00007ffa71920000 - 0x00007ffa71c16000 	C:\Windows\System32\KERNELBASE.dll
0x00007ffa71650000 - 0x00007ffa71750000 	C:\Windows\System32\ucrtbase.dll
0x00007ffa512a0000 - 0x00007ffa512b7000 	C:\Program Files\Android\Android Studio\jre\bin\VCRUNTIME140.dll
0x00007ffa43db0000 - 0x00007ffa43dc9000 	C:\Program Files\Android\Android Studio\jre\bin\jli.dll
0x00007ffa73d10000 - 0x00007ffa73eae000 	C:\Windows\System32\USER32.dll
0x00007ffa71750000 - 0x00007ffa71772000 	C:\Windows\System32\win32u.dll
0x00007ffa72f90000 - 0x00007ffa72fbb000 	C:\Windows\System32\GDI32.dll
0x00007ffa71780000 - 0x00007ffa71897000 	C:\Windows\System32\gdi32full.dll
0x00007ffa715b0000 - 0x00007ffa7164d000 	C:\Windows\System32\msvcp_win.dll
0x00007ffa6b320000 - 0x00007ffa6b5ba000 	C:\Windows\WinSxS\amd64_microsoft.windows.common-controls_6595b64144ccf1df_6.0.19041.3636_none_60b6a03d71f818d5\COMCTL32.dll
0x00007ffa730c0000 - 0x00007ffa7315e000 	C:\Windows\System32\msvcrt.dll
0x00007ffa735e0000 - 0x00007ffa73612000 	C:\Windows\System32\IMM32.DLL
0x0000000050ac0000 - 0x0000000050acc000 	C:\Program Files (x86)\360\Total Security\safemon\SafeWrapper.dll
0x00007ffa72070000 - 0x00007ffa72123000 	C:\Windows\System32\ADVAPI32.dll
0x00007ffa73780000 - 0x00007ffa7381f000 	C:\Windows\System32\sechost.dll
0x00007ffa72240000 - 0x00007ffa72366000 	C:\Windows\System32\RPCRT4.dll
0x00007ffa718a0000 - 0x00007ffa718c7000 	C:\Windows\System32\bcrypt.dll
0x00007ffa1a850000 - 0x00007ffa1a8e2000 	C:\Program Files (x86)\360\Total Security\safemon\libzdtp64.dll
0x00007ffa72840000 - 0x00007ffa72f85000 	C:\Windows\System32\SHELL32.dll
0x00007ffa73330000 - 0x00007ffa73385000 	C:\Windows\System32\SHLWAPI.dll
0x00007ffa71110000 - 0x00007ffa7111a000 	C:\Windows\SYSTEM32\VERSION.dll
0x00007ffa15330000 - 0x00007ffa153cd000 	C:\Program Files\Android\Android Studio\jre\bin\msvcp140.dll
0x00007ffa193a0000 - 0x00007ffa19e85000 	C:\Program Files\Android\Android Studio\jre\bin\server\jvm.dll
0x00007ffa73320000 - 0x00007ffa73328000 	C:\Windows\System32\PSAPI.DLL
0x00007ffa55a90000 - 0x00007ffa55a99000 	C:\Windows\SYSTEM32\WSOCK32.dll
0x00007ffa6e0e0000 - 0x00007ffa6e107000 	C:\Windows\SYSTEM32\WINMM.dll
0x00007ffa72fc0000 - 0x00007ffa7302b000 	C:\Windows\System32\WS2_32.dll
0x00007ffa6f3f0000 - 0x00007ffa6f402000 	C:\Windows\SYSTEM32\kernel.appcore.dll
0x00007ffa46160000 - 0x00007ffa46171000 	C:\Program Files\Android\Android Studio\jre\bin\verify.dll
0x00007ffa5fed0000 - 0x00007ffa600b4000 	C:\Windows\SYSTEM32\DBGHELP.DLL
0x00007ffa5f6d0000 - 0x00007ffa5f704000 	C:\Windows\SYSTEM32\dbgcore.DLL
0x00007ffa71c20000 - 0x00007ffa71ca2000 	C:\Windows\System32\bcryptPrimitives.dll
0x00007ffa242c0000 - 0x00007ffa242e9000 	C:\Program Files\Android\Android Studio\jre\bin\java.dll
0x00007ffa54dc0000 - 0x00007ffa54dcb000 	C:\Program Files\Android\Android Studio\jre\bin\jimage.dll
0x00007ffa242a0000 - 0x00007ffa242b8000 	C:\Program Files\Android\Android Studio\jre\bin\zip.dll
0x00007ffa6f5f0000 - 0x00007ffa6fd8c000 	C:\Windows\SYSTEM32\windows.storage.dll
0x00007ffa73820000 - 0x00007ffa73b74000 	C:\Windows\System32\combase.dll
0x00007ffa70f70000 - 0x00007ffa70f9e000 	C:\Windows\SYSTEM32\Wldp.dll
0x00007ffa73c40000 - 0x00007ffa73d0d000 	C:\Windows\System32\OLEAUT32.dll
0x00007ffa72130000 - 0x00007ffa721dd000 	C:\Windows\System32\SHCORE.dll
0x00007ffa714e0000 - 0x00007ffa71505000 	C:\Windows\SYSTEM32\profapi.dll
0x00007ffa24280000 - 0x00007ffa2429a000 	C:\Program Files\Android\Android Studio\jre\bin\net.dll
0x00007ffa64f90000 - 0x00007ffa6509a000 	C:\Windows\SYSTEM32\WINHTTP.dll
0x00007ffa70cd0000 - 0x00007ffa70d3a000 	C:\Windows\system32\mswsock.dll
0x00007ffa24260000 - 0x00007ffa24274000 	C:\Program Files\Android\Android Studio\jre\bin\nio.dll
0x00007ffa43f00000 - 0x00007ffa43f27000 	C:\Users\mrudu\.gradle\native\e1d6ef7f7dcc3fd88c89a11ec53ec762bb8ba0a96d01ffa2cd45eb1d1d8dd5c5\windows-amd64\native-platform.dll
0x00007ffa151e0000 - 0x00007ffa15324000 	C:\Users\mrudu\.gradle\native\5664cfc778a61ccfe75a443a1ab52a65af34e5dc3c78e0209fed803814484fcb\windows-amd64\native-platform-file-events.dll
0x00007ffa52fc0000 - 0x00007ffa52fca000 	C:\Program Files\Android\Android Studio\jre\bin\management.dll
0x00007ffa523a0000 - 0x00007ffa523ad000 	C:\Program Files\Android\Android Studio\jre\bin\management_ext.dll
0x00007ffa70ec0000 - 0x00007ffa70ed8000 	C:\Windows\SYSTEM32\CRYPTSP.dll
0x00007ffa70590000 - 0x00007ffa705c4000 	C:\Windows\system32\rsaenh.dll
0x00007ffa71460000 - 0x00007ffa7148e000 	C:\Windows\SYSTEM32\USERENV.dll
0x00007ffa70ee0000 - 0x00007ffa70eec000 	C:\Windows\SYSTEM32\CRYPTBASE.dll
0x00007ffa70970000 - 0x00007ffa709ab000 	C:\Windows\SYSTEM32\IPHLPAPI.DLL
0x00007ffa73160000 - 0x00007ffa73168000 	C:\Windows\System32\NSI.dll
0x00007ffa65220000 - 0x00007ffa65237000 	C:\Windows\SYSTEM32\dhcpcsvc6.DLL
0x00007ffa65740000 - 0x00007ffa6575d000 	C:\Windows\SYSTEM32\dhcpcsvc.DLL
0x00007ffa70a00000 - 0x00007ffa70acb000 	C:\Windows\SYSTEM32\DNSAPI.dll
0x00007ffa23b30000 - 0x00007ffa23b57000 	C:\Program Files\Android\Android Studio\jre\bin\sunec.dll
0x00007ffa706d0000 - 0x00007ffa70703000 	C:\Windows\SYSTEM32\ntmarta.dll
0x00007ffa191f0000 - 0x00007ffa19395000 	C:\Program Files\Android\Android Studio\jre\bin\awt.dll
0x00007ffa6f100000 - 0x00007ffa6f12f000 	C:\Windows\SYSTEM32\dwmapi.dll
0x00007ffa6d8e0000 - 0x00007ffa6d970000 	C:\Windows\SYSTEM32\apphelp.dll
0x00007ffa6ee30000 - 0x00007ffa6eece000 	C:\Windows\system32\uxtheme.dll

dbghelp: loaded successfully - version: 4.0.5 - missing functions: none
symbol engine: initialized successfully - sym options: 0x614 - pdb path: .;C:\Program Files\Android\Android Studio\jre\bin;C:\Windows\SYSTEM32;C:\Windows\WinSxS\amd64_microsoft.windows.common-controls_6595b64144ccf1df_6.0.19041.3636_none_60b6a03d71f818d5;C:\Program Files (x86)\360\Total Security\safemon;C:\Program Files\Android\Android Studio\jre\bin\server;C:\Users\mrudu\.gradle\native\e1d6ef7f7dcc3fd88c89a11ec53ec762bb8ba0a96d01ffa2cd45eb1d1d8dd5c5\windows-amd64;C:\Users\mrudu\.gradle\native\5664cfc778a61ccfe75a443a1ab52a65af34e5dc3c78e0209fed803814484fcb\windows-amd64

VM Arguments:
jvm_args: --add-opens=java.base/java.util=ALL-UNNAMED --add-opens=java.base/java.lang=ALL-UNNAMED --add-opens=java.base/java.lang.invoke=ALL-UNNAMED --add-opens=java.base/java.util=ALL-UNNAMED --add-opens=java.prefs/java.util.prefs=ALL-UNNAMED --add-opens=java.prefs/java.util.prefs=ALL-UNNAMED --add-opens=java.base/java.nio.charset=ALL-UNNAMED --add-opens=java.base/java.net=ALL-UNNAMED --add-opens=java.base/java.util.concurrent.atomic=ALL-UNNAMED -Xmx2048m -Dfile.encoding=UTF-8 -Duser.country=IN -Duser.language=en -Duser.variant 
java_command: org.gradle.launcher.daemon.bootstrap.GradleDaemon 7.3.3
java_class_path (initial): C:\Users\mrudu\.gradle\wrapper\dists\gradle-7.3.3-bin\6a41zxkdtcxs8rphpq6y0069z\gradle-7.3.3\lib\gradle-launcher-7.3.3.jar
Launcher Type: SUN_STANDARD

[Global flags]
     intx CICompilerCount                          = 3                                         {product} {ergonomic}
     uint ConcGCThreads                            = 1                                         {product} {ergonomic}
     uint G1ConcRefinementThreads                  = 4                                         {product} {ergonomic}
   size_t G1HeapRegionSize                         = 1048576                                   {product} {ergonomic}
    uintx GCDrainStackTargetSize                   = 64                                        {product} {ergonomic}
   size_t InitialHeapSize                          = 134217728                                 {product} {ergonomic}
   size_t MarkStackSize                            = 4194304                                   {product} {ergonomic}
   size_t MaxHeapSize                              = 2147483648                                {product} {command line}
   size_t MaxNewSize                               = 1287651328                                {product} {ergonomic}
   size_t MinHeapDeltaBytes                        = 1048576                                   {product} {ergonomic}
    uintx NonNMethodCodeHeapSize                   = 5830732                                {pd product} {ergonomic}
    uintx NonProfiledCodeHeapSize                  = 122913754                              {pd product} {ergonomic}
    uintx ProfiledCodeHeapSize                     = 122913754                              {pd product} {ergonomic}
    uintx ReservedCodeCacheSize                    = 251658240                              {pd product} {ergonomic}
     bool SegmentedCodeCache                       = true                                      {product} {ergonomic}
     bool UseCompressedClassPointers               = true                                 {lp64_product} {ergonomic}
     bool UseCompressedOops                        = true                                 {lp64_product} {ergonomic}
     bool UseG1GC                                  = true                                      {product} {ergonomic}
     bool UseLargePagesIndividualAllocation        = false                                  {pd product} {ergonomic}

Logging:
Log output configuration:
 #0: stdout all=warning uptime,level,tags
 #1: stderr all=off uptime,level,tags

Environment Variables:
JAVA_HOME=C:\Program Files\Java\jdk1.8.0_66\bin
PATH=C:\ProgramData\Oracle\Java\javapath;C:\Windows\system32;C:\Windows;C:\Windows\System32\Wbem;C:\Windows\System32\WindowsPowerShell\v1.0\;C:\Windows\System32\OpenSSH\;C:\Program Files\Java\jdk1.8.0_66\bin;C:\Program Files\Git\cmd;C:\Users\mrudu\AppData\Local\Microsoft\WindowsApps;C:\Program Files\Java\jdk1.8.0_66\bin;C:\Users\mrudu\AppData\Local\Programs\Python\Python36\Scripts;C:\Users\mrudu\AppData\Local\Programs\Python\Python36;
USERNAME=mrudu
OS=Windows_NT
PROCESSOR_IDENTIFIER=Intel64 Family 6 Model 61 Stepping 4, GenuineIntel



---------------  S Y S T E M  ---------------

OS: Windows 10 , 64 bit Build 19041 (10.0.19041.3636)
OS uptime: 4 days 11:34 hours

CPU:total 4 (initial active 4) (2 cores per cpu, 2 threads per core) family 6 model 61 stepping 4 microcode 0x2d, cmov, cx8, fxsr, mmx, sse, sse2, sse3, ssse3, sse4.1, sse4.2, popcnt, avx, avx2, aes, clmul, erms, 3dnowpref, lzcnt, ht, tsc, tscinvbit, bmi1, bmi2, adx, fma

Memory: 4k page, system-wide physical 8112M (1309M free)
TotalPageFile size 10768M (AvailPageFile size 2367M)
current process WorkingSet (physical memory assigned to process): 548M, peak: 582M
current process commit charge ("private bytes"): 621M, peak: 626M

vm_info: OpenJDK 64-Bit Server VM (11.0.12+7-b1504.28-7817840) for windows-amd64 JRE (11.0.12+7-b1504.28-7817840), built on Oct 13 2021 22:12:33 by "builder" with MS VC++ 14.0 (VS2015)

END.
